Change Component DesignItemId : Designator=C25 Old DesignItemId=C0603C103K2RECTU New DesignItemId=C0805C103K2RACTU
Change Component DesignItemId : Designator=C26 Old DesignItemId=C0603C103K2RECTU New DesignItemId=C0805C103K2RACTU
Change Component DesignItemId : Designator=C27 Old DesignItemId=C0603C103K2RECTU New DesignItemId=C0805C103K2RACTU
Change Component DesignItemId : Designator=C28 Old DesignItemId=C0603C103K2RECTU New DesignItemId=C0805C103K2RACTU
Change Component DesignItemId : Designator=C29 Old DesignItemId=C0603C103K2RECTU New DesignItemId=C0805C103K2RACTU
Change Component DesignItemId : Designator=C30 Old DesignItemId=C0603C103K2RECTU New DesignItemId=C0805C103K2RACTU
Change Component DesignItemId : Designator=C31 Old DesignItemId=C0603C103K2RECTU New DesignItemId=C0805C103K2RACTU
Change Component DesignItemId : Designator=C32 Old DesignItemId=C0603C103K2RECTU New DesignItemId=C0805C103K2RACTU
Change Component DesignItemId : Designator=C33 Old DesignItemId=C0603C103K2RECTU New DesignItemId=C0805C103K2RACTU
Change Component DesignItemId : Designator=C34 Old DesignItemId=C0603C103K2RECTU New DesignItemId=C0805C103K2RACTU
Change Component DesignItemId : Designator=C35 Old DesignItemId=C0603C103K2RECTU New DesignItemId=C0805C103K2RACTU
Change Component DesignItemId : Designator=C36 Old DesignItemId=C0603C103K2RECTU New DesignItemId=C0805C103K2RACTU
Change Component DesignItemId : Designator=C37 Old DesignItemId=C0603C103K2RECTU New DesignItemId=C0805C103K2RACTU
Change Component DesignItemId : Designator=C38 Old DesignItemId=C0603C103K2RECTU New DesignItemId=C0805C103K2RACTU
Change Component DesignItemId : Designator=C39 Old DesignItemId=C0603C103K2RECTU New DesignItemId=C0805C103K2RACTU
Change Component DesignItemId : Designator=C40 Old DesignItemId=C0603C103K2RECTU New DesignItemId=C0805C103K2RACTU
Change Component DesignItemId : Designator=C41 Old DesignItemId=C0603C103K2RECTU New DesignItemId=C0805C103K2RACTU
Change Component DesignItemId : Designator=C42 Old DesignItemId=C0603C103K2RECTU New DesignItemId=C0805C103K2RACTU
Change Component DesignItemId : Designator=C43 Old DesignItemId=C0603C103K2RECTU New DesignItemId=C0805C103K2RACTU
Change Component DesignItemId : Designator=C44 Old DesignItemId=C0603C103K2RECTU New DesignItemId=C0805C103K2RACTU
Change Component DesignItemId : Designator=C45 Old DesignItemId=C0603C103K2RECTU New DesignItemId=C0805C103K2RACTU
Change Component DesignItemId : Designator=C46 Old DesignItemId=C0603C103K2RECTU New DesignItemId=C0805C103K2RACTU
Change Component DesignItemId : Designator=C47 Old DesignItemId=C0603C103K2RECTU New DesignItemId=C0805C103K2RACTU
Change Component DesignItemId : Designator=C48 Old DesignItemId=C0603C103K2RECTU New DesignItemId=C0805C103K2RACTU
Change Component Footprint: Designator=C25 Old Footprint=CAPC1608X85N New Footprint=CAPC2012X88N
Change Component Footprint: Designator=C26 Old Footprint=CAPC1608X85N New Footprint=CAPC2012X88N
Change Component Footprint: Designator=C27 Old Footprint=CAPC1608X85N New Footprint=CAPC2012X88N
Change Component Footprint: Designator=C28 Old Footprint=CAPC1608X85N New Footprint=CAPC2012X88N
Change Component Footprint: Designator=C29 Old Footprint=CAPC1608X85N New Footprint=CAPC2012X88N
Change Component Footprint: Designator=C30 Old Footprint=CAPC1608X85N New Footprint=CAPC2012X88N
Change Component Footprint: Designator=C31 Old Footprint=CAPC1608X85N New Footprint=CAPC2012X88N
Change Component Footprint: Designator=C32 Old Footprint=CAPC1608X85N New Footprint=CAPC2012X88N
Change Component Footprint: Designator=C33 Old Footprint=CAPC1608X85N New Footprint=CAPC2012X88N
Change Component Footprint: Designator=C34 Old Footprint=CAPC1608X85N New Footprint=CAPC2012X88N
Change Component Footprint: Designator=C35 Old Footprint=CAPC1608X85N New Footprint=CAPC2012X88N
Change Component Footprint: Designator=C36 Old Footprint=CAPC1608X85N New Footprint=CAPC2012X88N
Change Component Footprint: Designator=C37 Old Footprint=CAPC1608X85N New Footprint=CAPC2012X88N
Change Component Footprint: Designator=C38 Old Footprint=CAPC1608X85N New Footprint=CAPC2012X88N
Change Component Footprint: Designator=C39 Old Footprint=CAPC1608X85N New Footprint=CAPC2012X88N
Change Component Footprint: Designator=C40 Old Footprint=CAPC1608X85N New Footprint=CAPC2012X88N
Change Component Footprint: Designator=C41 Old Footprint=CAPC1608X85N New Footprint=CAPC2012X88N
Change Component Footprint: Designator=C42 Old Footprint=CAPC1608X85N New Footprint=CAPC2012X88N
Change Component Footprint: Designator=C43 Old Footprint=CAPC1608X85N New Footprint=CAPC2012X88N
Change Component Footprint: Designator=C44 Old Footprint=CAPC1608X85N New Footprint=CAPC2012X88N
Change Component Footprint: Designator=C45 Old Footprint=CAPC1608X85N New Footprint=CAPC2012X88N
Change Component Footprint: Designator=C46 Old Footprint=CAPC1608X85N New Footprint=CAPC2012X88N
Change Component Footprint: Designator=C47 Old Footprint=CAPC1608X85N New Footprint=CAPC2012X88N
Change Component Footprint: Designator=C48 Old Footprint=CAPC1608X85N New Footprint=CAPC2012X88N
Change Component Description : Designator=C25 Old Description=200V, 0.01uF, 0603, X7R, 10%, Capacitor New Description=Capacitor
Change Component Description : Designator=C26 Old Description=200V, 0.01uF, 0603, X7R, 10%, Capacitor New Description=Capacitor
Change Component Description : Designator=C27 Old Description=200V, 0.01uF, 0603, X7R, 10%, Capacitor New Description=Capacitor
Change Component Description : Designator=C28 Old Description=200V, 0.01uF, 0603, X7R, 10%, Capacitor New Description=Capacitor
Change Component Description : Designator=C29 Old Description=200V, 0.01uF, 0603, X7R, 10%, Capacitor New Description=Capacitor
Change Component Description : Designator=C30 Old Description=200V, 0.01uF, 0603, X7R, 10%, Capacitor New Description=Capacitor
Change Component Description : Designator=C31 Old Description=200V, 0.01uF, 0603, X7R, 10%, Capacitor New Description=Capacitor
Change Component Description : Designator=C32 Old Description=200V, 0.01uF, 0603, X7R, 10%, Capacitor New Description=Capacitor
Change Component Description : Designator=C33 Old Description=200V, 0.01uF, 0603, X7R, 10%, Capacitor New Description=Capacitor
Change Component Description : Designator=C34 Old Description=200V, 0.01uF, 0603, X7R, 10%, Capacitor New Description=Capacitor
Change Component Description : Designator=C35 Old Description=200V, 0.01uF, 0603, X7R, 10%, Capacitor New Description=Capacitor
Change Component Description : Designator=C36 Old Description=200V, 0.01uF, 0603, X7R, 10%, Capacitor New Description=Capacitor
Change Component Description : Designator=C37 Old Description=200V, 0.01uF, 0603, X7R, 10%, Capacitor New Description=Capacitor
Change Component Description : Designator=C38 Old Description=200V, 0.01uF, 0603, X7R, 10%, Capacitor New Description=Capacitor
Change Component Description : Designator=C39 Old Description=200V, 0.01uF, 0603, X7R, 10%, Capacitor New Description=Capacitor
Change Component Description : Designator=C40 Old Description=200V, 0.01uF, 0603, X7R, 10%, Capacitor New Description=Capacitor
Change Component Description : Designator=C41 Old Description=200V, 0.01uF, 0603, X7R, 10%, Capacitor New Description=Capacitor
Change Component Description : Designator=C42 Old Description=200V, 0.01uF, 0603, X7R, 10%, Capacitor New Description=Capacitor
Change Component Description : Designator=C43 Old Description=200V, 0.01uF, 0603, X7R, 10%, Capacitor New Description=Capacitor
Change Component Description : Designator=C44 Old Description=200V, 0.01uF, 0603, X7R, 10%, Capacitor New Description=Capacitor
Change Component Description : Designator=C45 Old Description=200V, 0.01uF, 0603, X7R, 10%, Capacitor New Description=Capacitor
Change Component Description : Designator=C46 Old Description=200V, 0.01uF, 0603, X7R, 10%, Capacitor New Description=Capacitor
Change Component Description : Designator=C47 Old Description=200V, 0.01uF, 0603, X7R, 10%, Capacitor New Description=Capacitor
Change Component Description : Designator=C48 Old Description=200V, 0.01uF, 0603, X7R, 10%, Capacitor New Description=Capacitor
Change component parameters: Designator = "C25"; Footprint = "CAPC2012X88N"; UniqueID = "\AWMASIJT"
Change component parameters. Clean all parameters for all variants
Change component parameters (AddParameter): Name = "Arrow Part Number"; Value = "C0805C103K2RACTU"; VariantName = "[No Variations]"
Change component parameters (AddParameter): Name = "Arrow Price/Stock"; Value = "https://www.arrow.com/en/products/c0805c103k2ractu/kemet-corporation"; VariantName = "[No Variations]"
Change component parameters (AddParameter): Name = "Datasheet Link"; Value = "http://docs-emea.rs-online.com/webdocs/1515/0900766b8151517e.pdf"; VariantName = "[No Variations]"
Change component parameters (AddParameter): Name = "Height"; Value = "0.88mm"; VariantName = "[No Variations]"
Change component parameters (AddParameter): Name = "Manufacturer_Name"; Value = "Kemet"; VariantName = "[No Variations]"
Change component parameters (AddParameter): Name = "Manufacturer_Part_Number"; Value = "C0805C103K2RACTU"; VariantName = "[No Variations]"
Change component parameters (AddParameter): Name = "Mouser Part Number"; Value = "80-C0805C103K2R"; VariantName = "[No Variations]"
Change component parameters (AddParameter): Name = "Mouser Price/Stock"; Value = "https://www.mouser.com/Search/Refine.aspx?Keyword=80-C0805C103K2R"; VariantName = "[No Variations]"
Change component parameters: Designator = "C26"; Footprint = "CAPC2012X88N"; UniqueID = "\HTDVWVVA"
Change component parameters. Clean all parameters for all variants
Change component parameters (AddParameter): Name = "Arrow Part Number"; Value = "C0805C103K2RACTU"; VariantName = "[No Variations]"
Change component parameters (AddParameter): Name = "Arrow Price/Stock"; Value = "https://www.arrow.com/en/products/c0805c103k2ractu/kemet-corporation"; VariantName = "[No Variations]"
Change component parameters (AddParameter): Name = "Datasheet Link"; Value = "http://docs-emea.rs-online.com/webdocs/1515/0900766b8151517e.pdf"; VariantName = "[No Variations]"
Change component parameters (AddParameter): Name = "Height"; Value = "0.88mm"; VariantName = "[No Variations]"
Change component parameters (AddParameter): Name = "Manufacturer_Name"; Value = "Kemet"; VariantName = "[No Variations]"
Change component parameters (AddParameter): Name = "Manufacturer_Part_Number"; Value = "C0805C103K2RACTU"; VariantName = "[No Variations]"
Change component parameters (AddParameter): Name = "Mouser Part Number"; Value = "80-C0805C103K2R"; VariantName = "[No Variations]"
Change component parameters (AddParameter): Name = "Mouser Price/Stock"; Value = "https://www.mouser.com/Search/Refine.aspx?Keyword=80-C0805C103K2R"; VariantName = "[No Variations]"
Change component parameters: Designator = "C27"; Footprint = "CAPC2012X88N"; UniqueID = "\OFGSTYKA"
Change component parameters. Clean all parameters for all variants
Change component parameters (AddParameter): Name = "Arrow Part Number"; Value = "C0805C103K2RACTU"; VariantName = "[No Variations]"
Change component parameters (AddParameter): Name = "Arrow Price/Stock"; Value = "https://www.arrow.com/en/products/c0805c103k2ractu/kemet-corporation"; VariantName = "[No Variations]"
Change component parameters (AddParameter): Name = "Datasheet Link"; Value = "http://docs-emea.rs-online.com/webdocs/1515/0900766b8151517e.pdf"; VariantName = "[No Variations]"
Change component parameters (AddParameter): Name = "Height"; Value = "0.88mm"; VariantName = "[No Variations]"
Change component parameters (AddParameter): Name = "Manufacturer_Name"; Value = "Kemet"; VariantName = "[No Variations]"
Change component parameters (AddParameter): Name = "Manufacturer_Part_Number"; Value = "C0805C103K2RACTU"; VariantName = "[No Variations]"
Change component parameters (AddParameter): Name = "Mouser Part Number"; Value = "80-C0805C103K2R"; VariantName = "[No Variations]"
Change component parameters (AddParameter): Name = "Mouser Price/Stock"; Value = "https://www.mouser.com/Search/Refine.aspx?Keyword=80-C0805C103K2R"; VariantName = "[No Variations]"
Change component parameters: Designator = "C28"; Footprint = "CAPC2012X88N"; UniqueID = "\TMTUSLIS"
Change component parameters. Clean all parameters for all variants
Change component parameters (AddParameter): Name = "Arrow Part Number"; Value = "C0805C103K2RACTU"; VariantName = "[No Variations]"
Change component parameters (AddParameter): Name = "Arrow Price/Stock"; Value = "https://www.arrow.com/en/products/c0805c103k2ractu/kemet-corporation"; VariantName = "[No Variations]"
Change component parameters (AddParameter): Name = "Datasheet Link"; Value = "http://docs-emea.rs-online.com/webdocs/1515/0900766b8151517e.pdf"; VariantName = "[No Variations]"
Change component parameters (AddParameter): Name = "Height"; Value = "0.88mm"; VariantName = "[No Variations]"
Change component parameters (AddParameter): Name = "Manufacturer_Name"; Value = "Kemet"; VariantName = "[No Variations]"
Change component parameters (AddParameter): Name = "Manufacturer_Part_Number"; Value = "C0805C103K2RACTU"; VariantName = "[No Variations]"
Change component parameters (AddParameter): Name = "Mouser Part Number"; Value = "80-C0805C103K2R"; VariantName = "[No Variations]"
Change component parameters (AddParameter): Name = "Mouser Price/Stock"; Value = "https://www.mouser.com/Search/Refine.aspx?Keyword=80-C0805C103K2R"; VariantName = "[No Variations]"
Change component parameters: Designator = "C29"; Footprint = "CAPC2012X88N"; UniqueID = "\QKCWLRKS"
Change component parameters. Clean all parameters for all variants
Change component parameters (AddParameter): Name = "Arrow Part Number"; Value = "C0805C103K2RACTU"; VariantName = "[No Variations]"
Change component parameters (AddParameter): Name = "Arrow Price/Stock"; Value = "https://www.arrow.com/en/products/c0805c103k2ractu/kemet-corporation"; VariantName = "[No Variations]"
Change component parameters (AddParameter): Name = "Datasheet Link"; Value = "http://docs-emea.rs-online.com/webdocs/1515/0900766b8151517e.pdf"; VariantName = "[No Variations]"
Change component parameters (AddParameter): Name = "Height"; Value = "0.88mm"; VariantName = "[No Variations]"
Change component parameters (AddParameter): Name = "Manufacturer_Name"; Value = "Kemet"; VariantName = "[No Variations]"
Change component parameters (AddParameter): Name = "Manufacturer_Part_Number"; Value = "C0805C103K2RACTU"; VariantName = "[No Variations]"
Change component parameters (AddParameter): Name = "Mouser Part Number"; Value = "80-C0805C103K2R"; VariantName = "[No Variations]"
Change component parameters (AddParameter): Name = "Mouser Price/Stock"; Value = "https://www.mouser.com/Search/Refine.aspx?Keyword=80-C0805C103K2R"; VariantName = "[No Variations]"
Change component parameters: Designator = "C30"; Footprint = "CAPC2012X88N"; UniqueID = "\LEDHBGQZ"
Change component parameters. Clean all parameters for all variants
Change component parameters (AddParameter): Name = "Arrow Part Number"; Value = "C0805C103K2RACTU"; VariantName = "[No Variations]"
Change component parameters (AddParameter): Name = "Arrow Price/Stock"; Value = "https://www.arrow.com/en/products/c0805c103k2ractu/kemet-corporation"; VariantName = "[No Variations]"
Change component parameters (AddParameter): Name = "Datasheet Link"; Value = "http://docs-emea.rs-online.com/webdocs/1515/0900766b8151517e.pdf"; VariantName = "[No Variations]"
Change component parameters (AddParameter): Name = "Height"; Value = "0.88mm"; VariantName = "[No Variations]"
Change component parameters (AddParameter): Name = "Manufacturer_Name"; Value = "Kemet"; VariantName = "[No Variations]"
Change component parameters (AddParameter): Name = "Manufacturer_Part_Number"; Value = "C0805C103K2RACTU"; VariantName = "[No Variations]"
Change component parameters (AddParameter): Name = "Mouser Part Number"; Value = "80-C0805C103K2R"; VariantName = "[No Variations]"
Change component parameters (AddParameter): Name = "Mouser Price/Stock"; Value = "https://www.mouser.com/Search/Refine.aspx?Keyword=80-C0805C103K2R"; VariantName = "[No Variations]"
Change component parameters: Designator = "C31"; Footprint = "CAPC2012X88N"; UniqueID = "\CXFIPUHG"
Change component parameters. Clean all parameters for all variants
Change component parameters (AddParameter): Name = "Arrow Part Number"; Value = "C0805C103K2RACTU"; VariantName = "[No Variations]"
Change component parameters (AddParameter): Name = "Arrow Price/Stock"; Value = "https://www.arrow.com/en/products/c0805c103k2ractu/kemet-corporation"; VariantName = "[No Variations]"
Change component parameters (AddParameter): Name = "Datasheet Link"; Value = "http://docs-emea.rs-online.com/webdocs/1515/0900766b8151517e.pdf"; VariantName = "[No Variations]"
Change component parameters (AddParameter): Name = "Height"; Value = "0.88mm"; VariantName = "[No Variations]"
Change component parameters (AddParameter): Name = "Manufacturer_Name"; Value = "Kemet"; VariantName = "[No Variations]"
Change component parameters (AddParameter): Name = "Manufacturer_Part_Number"; Value = "C0805C103K2RACTU"; VariantName = "[No Variations]"
Change component parameters (AddParameter): Name = "Mouser Part Number"; Value = "80-C0805C103K2R"; VariantName = "[No Variations]"
Change component parameters (AddParameter): Name = "Mouser Price/Stock"; Value = "https://www.mouser.com/Search/Refine.aspx?Keyword=80-C0805C103K2R"; VariantName = "[No Variations]"
Change component parameters: Designator = "C32"; Footprint = "CAPC2012X88N"; UniqueID = "\GNMIBBIB"
Change component parameters. Clean all parameters for all variants
Change component parameters (AddParameter): Name = "Arrow Part Number"; Value = "C0805C103K2RACTU"; VariantName = "[No Variations]"
Change component parameters (AddParameter): Name = "Arrow Price/Stock"; Value = "https://www.arrow.com/en/products/c0805c103k2ractu/kemet-corporation"; VariantName = "[No Variations]"
Change component parameters (AddParameter): Name = "Datasheet Link"; Value = "http://docs-emea.rs-online.com/webdocs/1515/0900766b8151517e.pdf"; VariantName = "[No Variations]"
Change component parameters (AddParameter): Name = "Height"; Value = "0.88mm"; VariantName = "[No Variations]"
Change component parameters (AddParameter): Name = "Manufacturer_Name"; Value = "Kemet"; VariantName = "[No Variations]"
Change component parameters (AddParameter): Name = "Manufacturer_Part_Number"; Value = "C0805C103K2RACTU"; VariantName = "[No Variations]"
Change component parameters (AddParameter): Name = "Mouser Part Number"; Value = "80-C0805C103K2R"; VariantName = "[No Variations]"
Change component parameters (AddParameter): Name = "Mouser Price/Stock"; Value = "https://www.mouser.com/Search/Refine.aspx?Keyword=80-C0805C103K2R"; VariantName = "[No Variations]"
Change component parameters: Designator = "C33"; Footprint = "CAPC2012X88N"; UniqueID = "\SBKFGJAN"
Change component parameters. Clean all parameters for all variants
Change component parameters (AddParameter): Name = "Arrow Part Number"; Value = "C0805C103K2RACTU"; VariantName = "[No Variations]"
Change component parameters (AddParameter): Name = "Arrow Price/Stock"; Value = "https://www.arrow.com/en/products/c0805c103k2ractu/kemet-corporation"; VariantName = "[No Variations]"
Change component parameters (AddParameter): Name = "Datasheet Link"; Value = "http://docs-emea.rs-online.com/webdocs/1515/0900766b8151517e.pdf"; VariantName = "[No Variations]"
Change component parameters (AddParameter): Name = "Height"; Value = "0.88mm"; VariantName = "[No Variations]"
Change component parameters (AddParameter): Name = "Manufacturer_Name"; Value = "Kemet"; VariantName = "[No Variations]"
Change component parameters (AddParameter): Name = "Manufacturer_Part_Number"; Value = "C0805C103K2RACTU"; VariantName = "[No Variations]"
Change component parameters (AddParameter): Name = "Mouser Part Number"; Value = "80-C0805C103K2R"; VariantName = "[No Variations]"
Change component parameters (AddParameter): Name = "Mouser Price/Stock"; Value = "https://www.mouser.com/Search/Refine.aspx?Keyword=80-C0805C103K2R"; VariantName = "[No Variations]"
Change component parameters: Designator = "C34"; Footprint = "CAPC2012X88N"; UniqueID = "\FKWEAXCD"
Change component parameters. Clean all parameters for all variants
Change component parameters (AddParameter): Name = "Arrow Part Number"; Value = "C0805C103K2RACTU"; VariantName = "[No Variations]"
Change component parameters (AddParameter): Name = "Arrow Price/Stock"; Value = "https://www.arrow.com/en/products/c0805c103k2ractu/kemet-corporation"; VariantName = "[No Variations]"
Change component parameters (AddParameter): Name = "Datasheet Link"; Value = "http://docs-emea.rs-online.com/webdocs/1515/0900766b8151517e.pdf"; VariantName = "[No Variations]"
Change component parameters (AddParameter): Name = "Height"; Value = "0.88mm"; VariantName = "[No Variations]"
Change component parameters (AddParameter): Name = "Manufacturer_Name"; Value = "Kemet"; VariantName = "[No Variations]"
Change component parameters (AddParameter): Name = "Manufacturer_Part_Number"; Value = "C0805C103K2RACTU"; VariantName = "[No Variations]"
Change component parameters (AddParameter): Name = "Mouser Part Number"; Value = "80-C0805C103K2R"; VariantName = "[No Variations]"
Change component parameters (AddParameter): Name = "Mouser Price/Stock"; Value = "https://www.mouser.com/Search/Refine.aspx?Keyword=80-C0805C103K2R"; VariantName = "[No Variations]"
Change component parameters: Designator = "C35"; Footprint = "CAPC2012X88N"; UniqueID = "\BPUYZIDL"
Change component parameters. Clean all parameters for all variants
Change component parameters (AddParameter): Name = "Arrow Part Number"; Value = "C0805C103K2RACTU"; VariantName = "[No Variations]"
Change component parameters (AddParameter): Name = "Arrow Price/Stock"; Value = "https://www.arrow.com/en/products/c0805c103k2ractu/kemet-corporation"; VariantName = "[No Variations]"
Change component parameters (AddParameter): Name = "Datasheet Link"; Value = "http://docs-emea.rs-online.com/webdocs/1515/0900766b8151517e.pdf"; VariantName = "[No Variations]"
Change component parameters (AddParameter): Name = "Height"; Value = "0.88mm"; VariantName = "[No Variations]"
Change component parameters (AddParameter): Name = "Manufacturer_Name"; Value = "Kemet"; VariantName = "[No Variations]"
Change component parameters (AddParameter): Name = "Manufacturer_Part_Number"; Value = "C0805C103K2RACTU"; VariantName = "[No Variations]"
Change component parameters (AddParameter): Name = "Mouser Part Number"; Value = "80-C0805C103K2R"; VariantName = "[No Variations]"
Change component parameters (AddParameter): Name = "Mouser Price/Stock"; Value = "https://www.mouser.com/Search/Refine.aspx?Keyword=80-C0805C103K2R"; VariantName = "[No Variations]"
Change component parameters: Designator = "C36"; Footprint = "CAPC2012X88N"; UniqueID = "\NAXWXMIB"
Change component parameters. Clean all parameters for all variants
Change component parameters (AddParameter): Name = "Arrow Part Number"; Value = "C0805C103K2RACTU"; VariantName = "[No Variations]"
Change component parameters (AddParameter): Name = "Arrow Price/Stock"; Value = "https://www.arrow.com/en/products/c0805c103k2ractu/kemet-corporation"; VariantName = "[No Variations]"
Change component parameters (AddParameter): Name = "Datasheet Link"; Value = "http://docs-emea.rs-online.com/webdocs/1515/0900766b8151517e.pdf"; VariantName = "[No Variations]"
Change component parameters (AddParameter): Name = "Height"; Value = "0.88mm"; VariantName = "[No Variations]"
Change component parameters (AddParameter): Name = "Manufacturer_Name"; Value = "Kemet"; VariantName = "[No Variations]"
Change component parameters (AddParameter): Name = "Manufacturer_Part_Number"; Value = "C0805C103K2RACTU"; VariantName = "[No Variations]"
Change component parameters (AddParameter): Name = "Mouser Part Number"; Value = "80-C0805C103K2R"; VariantName = "[No Variations]"
Change component parameters (AddParameter): Name = "Mouser Price/Stock"; Value = "https://www.mouser.com/Search/Refine.aspx?Keyword=80-C0805C103K2R"; VariantName = "[No Variations]"
Change component parameters: Designator = "C37"; Footprint = "CAPC2012X88N"; UniqueID = "\GGDIJYSM"
Change component parameters. Clean all parameters for all variants
Change component parameters (AddParameter): Name = "Arrow Part Number"; Value = "C0805C103K2RACTU"; VariantName = "[No Variations]"
Change component parameters (AddParameter): Name = "Arrow Price/Stock"; Value = "https://www.arrow.com/en/products/c0805c103k2ractu/kemet-corporation"; VariantName = "[No Variations]"
Change component parameters (AddParameter): Name = "Datasheet Link"; Value = "http://docs-emea.rs-online.com/webdocs/1515/0900766b8151517e.pdf"; VariantName = "[No Variations]"
Change component parameters (AddParameter): Name = "Height"; Value = "0.88mm"; VariantName = "[No Variations]"
Change component parameters (AddParameter): Name = "Manufacturer_Name"; Value = "Kemet"; VariantName = "[No Variations]"
Change component parameters (AddParameter): Name = "Manufacturer_Part_Number"; Value = "C0805C103K2RACTU"; VariantName = "[No Variations]"
Change component parameters (AddParameter): Name = "Mouser Part Number"; Value = "80-C0805C103K2R"; VariantName = "[No Variations]"
Change component parameters (AddParameter): Name = "Mouser Price/Stock"; Value = "https://www.mouser.com/Search/Refine.aspx?Keyword=80-C0805C103K2R"; VariantName = "[No Variations]"
Change component parameters: Designator = "C38"; Footprint = "CAPC2012X88N"; UniqueID = "\NZXDWFHG"
Change component parameters. Clean all parameters for all variants
Change component parameters (AddParameter): Name = "Arrow Part Number"; Value = "C0805C103K2RACTU"; VariantName = "[No Variations]"
Change component parameters (AddParameter): Name = "Arrow Price/Stock"; Value = "https://www.arrow.com/en/products/c0805c103k2ractu/kemet-corporation"; VariantName = "[No Variations]"
Change component parameters (AddParameter): Name = "Datasheet Link"; Value = "http://docs-emea.rs-online.com/webdocs/1515/0900766b8151517e.pdf"; VariantName = "[No Variations]"
Change component parameters (AddParameter): Name = "Height"; Value = "0.88mm"; VariantName = "[No Variations]"
Change component parameters (AddParameter): Name = "Manufacturer_Name"; Value = "Kemet"; VariantName = "[No Variations]"
Change component parameters (AddParameter): Name = "Manufacturer_Part_Number"; Value = "C0805C103K2RACTU"; VariantName = "[No Variations]"
Change component parameters (AddParameter): Name = "Mouser Part Number"; Value = "80-C0805C103K2R"; VariantName = "[No Variations]"
Change component parameters (AddParameter): Name = "Mouser Price/Stock"; Value = "https://www.mouser.com/Search/Refine.aspx?Keyword=80-C0805C103K2R"; VariantName = "[No Variations]"
Change component parameters: Designator = "C39"; Footprint = "CAPC2012X88N"; UniqueID = "\SYKFUCER"
Change component parameters. Clean all parameters for all variants
Change component parameters (AddParameter): Name = "Arrow Part Number"; Value = "C0805C103K2RACTU"; VariantName = "[No Variations]"
Change component parameters (AddParameter): Name = "Arrow Price/Stock"; Value = "https://www.arrow.com/en/products/c0805c103k2ractu/kemet-corporation"; VariantName = "[No Variations]"
Change component parameters (AddParameter): Name = "Datasheet Link"; Value = "http://docs-emea.rs-online.com/webdocs/1515/0900766b8151517e.pdf"; VariantName = "[No Variations]"
Change component parameters (AddParameter): Name = "Height"; Value = "0.88mm"; VariantName = "[No Variations]"
Change component parameters (AddParameter): Name = "Manufacturer_Name"; Value = "Kemet"; VariantName = "[No Variations]"
Change component parameters (AddParameter): Name = "Manufacturer_Part_Number"; Value = "C0805C103K2RACTU"; VariantName = "[No Variations]"
Change component parameters (AddParameter): Name = "Mouser Part Number"; Value = "80-C0805C103K2R"; VariantName = "[No Variations]"
Change component parameters (AddParameter): Name = "Mouser Price/Stock"; Value = "https://www.mouser.com/Search/Refine.aspx?Keyword=80-C0805C103K2R"; VariantName = "[No Variations]"
Change component parameters: Designator = "C40"; Footprint = "CAPC2012X88N"; UniqueID = "\VLAJEIKA"
Change component parameters. Clean all parameters for all variants
Change component parameters (AddParameter): Name = "Arrow Part Number"; Value = "C0805C103K2RACTU"; VariantName = "[No Variations]"
Change component parameters (AddParameter): Name = "Arrow Price/Stock"; Value = "https://www.arrow.com/en/products/c0805c103k2ractu/kemet-corporation"; VariantName = "[No Variations]"
Change component parameters (AddParameter): Name = "Datasheet Link"; Value = "http://docs-emea.rs-online.com/webdocs/1515/0900766b8151517e.pdf"; VariantName = "[No Variations]"
Change component parameters (AddParameter): Name = "Height"; Value = "0.88mm"; VariantName = "[No Variations]"
Change component parameters (AddParameter): Name = "Manufacturer_Name"; Value = "Kemet"; VariantName = "[No Variations]"
Change component parameters (AddParameter): Name = "Manufacturer_Part_Number"; Value = "C0805C103K2RACTU"; VariantName = "[No Variations]"
Change component parameters (AddParameter): Name = "Mouser Part Number"; Value = "80-C0805C103K2R"; VariantName = "[No Variations]"
Change component parameters (AddParameter): Name = "Mouser Price/Stock"; Value = "https://www.mouser.com/Search/Refine.aspx?Keyword=80-C0805C103K2R"; VariantName = "[No Variations]"
Change component parameters: Designator = "C41"; Footprint = "CAPC2012X88N"; UniqueID = "\OUZDMDBJ"
Change component parameters. Clean all parameters for all variants
Change component parameters (AddParameter): Name = "Arrow Part Number"; Value = "C0805C103K2RACTU"; VariantName = "[No Variations]"
Change component parameters (AddParameter): Name = "Arrow Price/Stock"; Value = "https://www.arrow.com/en/products/c0805c103k2ractu/kemet-corporation"; VariantName = "[No Variations]"
Change component parameters (AddParameter): Name = "Datasheet Link"; Value = "http://docs-emea.rs-online.com/webdocs/1515/0900766b8151517e.pdf"; VariantName = "[No Variations]"
Change component parameters (AddParameter): Name = "Height"; Value = "0.88mm"; VariantName = "[No Variations]"
Change component parameters (AddParameter): Name = "Manufacturer_Name"; Value = "Kemet"; VariantName = "[No Variations]"
Change component parameters (AddParameter): Name = "Manufacturer_Part_Number"; Value = "C0805C103K2RACTU"; VariantName = "[No Variations]"
Change component parameters (AddParameter): Name = "Mouser Part Number"; Value = "80-C0805C103K2R"; VariantName = "[No Variations]"
Change component parameters (AddParameter): Name = "Mouser Price/Stock"; Value = "https://www.mouser.com/Search/Refine.aspx?Keyword=80-C0805C103K2R"; VariantName = "[No Variations]"
Change component parameters: Designator = "C42"; Footprint = "CAPC2012X88N"; UniqueID = "\OGKAXWVC"
Change component parameters. Clean all parameters for all variants
Change component parameters (AddParameter): Name = "Arrow Part Number"; Value = "C0805C103K2RACTU"; VariantName = "[No Variations]"
Change component parameters (AddParameter): Name = "Arrow Price/Stock"; Value = "https://www.arrow.com/en/products/c0805c103k2ractu/kemet-corporation"; VariantName = "[No Variations]"
Change component parameters (AddParameter): Name = "Datasheet Link"; Value = "http://docs-emea.rs-online.com/webdocs/1515/0900766b8151517e.pdf"; VariantName = "[No Variations]"
Change component parameters (AddParameter): Name = "Height"; Value = "0.88mm"; VariantName = "[No Variations]"
Change component parameters (AddParameter): Name = "Manufacturer_Name"; Value = "Kemet"; VariantName = "[No Variations]"
Change component parameters (AddParameter): Name = "Manufacturer_Part_Number"; Value = "C0805C103K2RACTU"; VariantName = "[No Variations]"
Change component parameters (AddParameter): Name = "Mouser Part Number"; Value = "80-C0805C103K2R"; VariantName = "[No Variations]"
Change component parameters (AddParameter): Name = "Mouser Price/Stock"; Value = "https://www.mouser.com/Search/Refine.aspx?Keyword=80-C0805C103K2R"; VariantName = "[No Variations]"
Change component parameters: Designator = "C43"; Footprint = "CAPC2012X88N"; UniqueID = "\EZWOWCUM"
Change component parameters. Clean all parameters for all variants
Change component parameters (AddParameter): Name = "Arrow Part Number"; Value = "C0805C103K2RACTU"; VariantName = "[No Variations]"
Change component parameters (AddParameter): Name = "Arrow Price/Stock"; Value = "https://www.arrow.com/en/products/c0805c103k2ractu/kemet-corporation"; VariantName = "[No Variations]"
Change component parameters (AddParameter): Name = "Datasheet Link"; Value = "http://docs-emea.rs-online.com/webdocs/1515/0900766b8151517e.pdf"; VariantName = "[No Variations]"
Change component parameters (AddParameter): Name = "Height"; Value = "0.88mm"; VariantName = "[No Variations]"
Change component parameters (AddParameter): Name = "Manufacturer_Name"; Value = "Kemet"; VariantName = "[No Variations]"
Change component parameters (AddParameter): Name = "Manufacturer_Part_Number"; Value = "C0805C103K2RACTU"; VariantName = "[No Variations]"
Change component parameters (AddParameter): Name = "Mouser Part Number"; Value = "80-C0805C103K2R"; VariantName = "[No Variations]"
Change component parameters (AddParameter): Name = "Mouser Price/Stock"; Value = "https://www.mouser.com/Search/Refine.aspx?Keyword=80-C0805C103K2R"; VariantName = "[No Variations]"
Change component parameters: Designator = "C44"; Footprint = "CAPC2012X88N"; UniqueID = "\YASRXSPH"
Change component parameters. Clean all parameters for all variants
Change component parameters (AddParameter): Name = "Arrow Part Number"; Value = "C0805C103K2RACTU"; VariantName = "[No Variations]"
Change component parameters (AddParameter): Name = "Arrow Price/Stock"; Value = "https://www.arrow.com/en/products/c0805c103k2ractu/kemet-corporation"; VariantName = "[No Variations]"
Change component parameters (AddParameter): Name = "Datasheet Link"; Value = "http://docs-emea.rs-online.com/webdocs/1515/0900766b8151517e.pdf"; VariantName = "[No Variations]"
Change component parameters (AddParameter): Name = "Height"; Value = "0.88mm"; VariantName = "[No Variations]"
Change component parameters (AddParameter): Name = "Manufacturer_Name"; Value = "Kemet"; VariantName = "[No Variations]"
Change component parameters (AddParameter): Name = "Manufacturer_Part_Number"; Value = "C0805C103K2RACTU"; VariantName = "[No Variations]"
Change component parameters (AddParameter): Name = "Mouser Part Number"; Value = "80-C0805C103K2R"; VariantName = "[No Variations]"
Change component parameters (AddParameter): Name = "Mouser Price/Stock"; Value = "https://www.mouser.com/Search/Refine.aspx?Keyword=80-C0805C103K2R"; VariantName = "[No Variations]"
Change component parameters: Designator = "C45"; Footprint = "CAPC2012X88N"; UniqueID = "\QAKZVDHL"
Change component parameters. Clean all parameters for all variants
Change component parameters (AddParameter): Name = "Arrow Part Number"; Value = "C0805C103K2RACTU"; VariantName = "[No Variations]"
Change component parameters (AddParameter): Name = "Arrow Price/Stock"; Value = "https://www.arrow.com/en/products/c0805c103k2ractu/kemet-corporation"; VariantName = "[No Variations]"
Change component parameters (AddParameter): Name = "Datasheet Link"; Value = "http://docs-emea.rs-online.com/webdocs/1515/0900766b8151517e.pdf"; VariantName = "[No Variations]"
Change component parameters (AddParameter): Name = "Height"; Value = "0.88mm"; VariantName = "[No Variations]"
Change component parameters (AddParameter): Name = "Manufacturer_Name"; Value = "Kemet"; VariantName = "[No Variations]"
Change component parameters (AddParameter): Name = "Manufacturer_Part_Number"; Value = "C0805C103K2RACTU"; VariantName = "[No Variations]"
Change component parameters (AddParameter): Name = "Mouser Part Number"; Value = "80-C0805C103K2R"; VariantName = "[No Variations]"
Change component parameters (AddParameter): Name = "Mouser Price/Stock"; Value = "https://www.mouser.com/Search/Refine.aspx?Keyword=80-C0805C103K2R"; VariantName = "[No Variations]"
Change component parameters: Designator = "C46"; Footprint = "CAPC2012X88N"; UniqueID = "\QZEIXVQB"
Change component parameters. Clean all parameters for all variants
Change component parameters (AddParameter): Name = "Arrow Part Number"; Value = "C0805C103K2RACTU"; VariantName = "[No Variations]"
Change component parameters (AddParameter): Name = "Arrow Price/Stock"; Value = "https://www.arrow.com/en/products/c0805c103k2ractu/kemet-corporation"; VariantName = "[No Variations]"
Change component parameters (AddParameter): Name = "Datasheet Link"; Value = "http://docs-emea.rs-online.com/webdocs/1515/0900766b8151517e.pdf"; VariantName = "[No Variations]"
Change component parameters (AddParameter): Name = "Height"; Value = "0.88mm"; VariantName = "[No Variations]"
Change component parameters (AddParameter): Name = "Manufacturer_Name"; Value = "Kemet"; VariantName = "[No Variations]"
Change component parameters (AddParameter): Name = "Manufacturer_Part_Number"; Value = "C0805C103K2RACTU"; VariantName = "[No Variations]"
Change component parameters (AddParameter): Name = "Mouser Part Number"; Value = "80-C0805C103K2R"; VariantName = "[No Variations]"
Change component parameters (AddParameter): Name = "Mouser Price/Stock"; Value = "https://www.mouser.com/Search/Refine.aspx?Keyword=80-C0805C103K2R"; VariantName = "[No Variations]"
Change component parameters: Designator = "C47"; Footprint = "CAPC2012X88N"; UniqueID = "\UIKTEWDS"
Change component parameters. Clean all parameters for all variants
Change component parameters (AddParameter): Name = "Arrow Part Number"; Value = "C0805C103K2RACTU"; VariantName = "[No Variations]"
Change component parameters (AddParameter): Name = "Arrow Price/Stock"; Value = "https://www.arrow.com/en/products/c0805c103k2ractu/kemet-corporation"; VariantName = "[No Variations]"
Change component parameters (AddParameter): Name = "Datasheet Link"; Value = "http://docs-emea.rs-online.com/webdocs/1515/0900766b8151517e.pdf"; VariantName = "[No Variations]"
Change component parameters (AddParameter): Name = "Height"; Value = "0.88mm"; VariantName = "[No Variations]"
Change component parameters (AddParameter): Name = "Manufacturer_Name"; Value = "Kemet"; VariantName = "[No Variations]"
Change component parameters (AddParameter): Name = "Manufacturer_Part_Number"; Value = "C0805C103K2RACTU"; VariantName = "[No Variations]"
Change component parameters (AddParameter): Name = "Mouser Part Number"; Value = "80-C0805C103K2R"; VariantName = "[No Variations]"
Change component parameters (AddParameter): Name = "Mouser Price/Stock"; Value = "https://www.mouser.com/Search/Refine.aspx?Keyword=80-C0805C103K2R"; VariantName = "[No Variations]"
Change component parameters: Designator = "C48"; Footprint = "CAPC2012X88N"; UniqueID = "\ILEKFUYV"
Change component parameters. Clean all parameters for all variants
Change component parameters (AddParameter): Name = "Arrow Part Number"; Value = "C0805C103K2RACTU"; VariantName = "[No Variations]"
Change component parameters (AddParameter): Name = "Arrow Price/Stock"; Value = "https://www.arrow.com/en/products/c0805c103k2ractu/kemet-corporation"; VariantName = "[No Variations]"
Change component parameters (AddParameter): Name = "Datasheet Link"; Value = "http://docs-emea.rs-online.com/webdocs/1515/0900766b8151517e.pdf"; VariantName = "[No Variations]"
Change component parameters (AddParameter): Name = "Height"; Value = "0.88mm"; VariantName = "[No Variations]"
Change component parameters (AddParameter): Name = "Manufacturer_Name"; Value = "Kemet"; VariantName = "[No Variations]"
Change component parameters (AddParameter): Name = "Manufacturer_Part_Number"; Value = "C0805C103K2RACTU"; VariantName = "[No Variations]"
Change component parameters (AddParameter): Name = "Mouser Part Number"; Value = "80-C0805C103K2R"; VariantName = "[No Variations]"
Change component parameters (AddParameter): Name = "Mouser Price/Stock"; Value = "https://www.mouser.com/Search/Refine.aspx?Keyword=80-C0805C103K2R"; VariantName = "[No Variations]"
Added Member To Class: ClassName=BMS_Slave Member=Component C77 200V, 0.01uF, 0603, X7R
