Change Component DesignItemId : Designator=C1 Old DesignItemId=C0603C104K3RACTU New DesignItemId=C0805C103K2RACTU
Change Component DesignItemId : Designator=C2 Old DesignItemId=C0603C104K3RACTU New DesignItemId=C0805C103K2RACTU
Change Component DesignItemId : Designator=C3 Old DesignItemId=C0603C104K3RACTU New DesignItemId=C0805C103K2RACTU
Change Component DesignItemId : Designator=C4 Old DesignItemId=C0603C104K3RACTU New DesignItemId=C0805C103K2RACTU
Change Component DesignItemId : Designator=C5 Old DesignItemId=C0603C104K3RACTU New DesignItemId=C0805C103K2RACTU
Change Component DesignItemId : Designator=C6 Old DesignItemId=C0603C104K3RACTU New DesignItemId=C0805C103K2RACTU
Change Component DesignItemId : Designator=C7 Old DesignItemId=C0603C104K3RACTU New DesignItemId=C0805C103K2RACTU
Change Component DesignItemId : Designator=C8 Old DesignItemId=C0603C104K3RACTU New DesignItemId=C0805C103K2RACTU
Change Component DesignItemId : Designator=C9 Old DesignItemId=C0603C104K3RACTU New DesignItemId=C0805C103K2RACTU
Change Component DesignItemId : Designator=C10 Old DesignItemId=C0603C104K3RACTU New DesignItemId=C0805C103K2RACTU
Change Component DesignItemId : Designator=C11 Old DesignItemId=C0603C104K3RACTU New DesignItemId=C0805C103K2RACTU
Change Component DesignItemId : Designator=C12 Old DesignItemId=C0603C104K3RACTU New DesignItemId=C0805C103K2RACTU
Change Component DesignItemId : Designator=C13 Old DesignItemId=C0603C104K3RACTU New DesignItemId=C0805C103K2RACTU
Change Component DesignItemId : Designator=C14 Old DesignItemId=C0603C104K3RACTU New DesignItemId=C0805C103K2RACTU
Change Component DesignItemId : Designator=C15 Old DesignItemId=C0603C104K3RACTU New DesignItemId=C0805C103K2RACTU
Change Component DesignItemId : Designator=C16 Old DesignItemId=C0603C104K3RACTU New DesignItemId=C0805C103K2RACTU
Change Component DesignItemId : Designator=C17 Old DesignItemId=C0603C104K3RACTU New DesignItemId=C0805C103K2RACTU
Change Component DesignItemId : Designator=C18 Old DesignItemId=C0603C104K3RACTU New DesignItemId=C0805C103K2RACTU
Change Component DesignItemId : Designator=C19 Old DesignItemId=C0603C104K3RACTU New DesignItemId=C0805C103K2RACTU
Change Component DesignItemId : Designator=C20 Old DesignItemId=C0603C104K3RACTU New DesignItemId=C0805C103K2RACTU
Change Component DesignItemId : Designator=C21 Old DesignItemId=C0603C104K3RACTU New DesignItemId=C0805C103K2RACTU
Change Component DesignItemId : Designator=C22 Old DesignItemId=C0603C104K3RACTU New DesignItemId=C0805C103K2RACTU
Change Component DesignItemId : Designator=C23 Old DesignItemId=C0603C104K3RACTU New DesignItemId=C0805C103K2RACTU
Change Component DesignItemId : Designator=C24 Old DesignItemId=C0603C104K3RACTU New DesignItemId=C0805C103K2RACTU
Change Component Footprint: Designator=C1 Old Footprint=CAPC1608X85N New Footprint=CAPC2012X88N
Change Component Footprint: Designator=C2 Old Footprint=CAPC1608X85N New Footprint=CAPC2012X88N
Change Component Footprint: Designator=C3 Old Footprint=CAPC1608X85N New Footprint=CAPC2012X88N
Change Component Footprint: Designator=C4 Old Footprint=CAPC1608X85N New Footprint=CAPC2012X88N
Change Component Footprint: Designator=C5 Old Footprint=CAPC1608X85N New Footprint=CAPC2012X88N
Change Component Footprint: Designator=C6 Old Footprint=CAPC1608X85N New Footprint=CAPC2012X88N
Change Component Footprint: Designator=C7 Old Footprint=CAPC1608X85N New Footprint=CAPC2012X88N
Change Component Footprint: Designator=C8 Old Footprint=CAPC1608X85N New Footprint=CAPC2012X88N
Change Component Footprint: Designator=C9 Old Footprint=CAPC1608X85N New Footprint=CAPC2012X88N
Change Component Footprint: Designator=C10 Old Footprint=CAPC1608X85N New Footprint=CAPC2012X88N
Change Component Footprint: Designator=C11 Old Footprint=CAPC1608X85N New Footprint=CAPC2012X88N
Change Component Footprint: Designator=C12 Old Footprint=CAPC1608X85N New Footprint=CAPC2012X88N
Change Component Footprint: Designator=C13 Old Footprint=CAPC1608X85N New Footprint=CAPC2012X88N
Change Component Footprint: Designator=C14 Old Footprint=CAPC1608X85N New Footprint=CAPC2012X88N
Change Component Footprint: Designator=C15 Old Footprint=CAPC1608X85N New Footprint=CAPC2012X88N
Change Component Footprint: Designator=C16 Old Footprint=CAPC1608X85N New Footprint=CAPC2012X88N
Change Component Footprint: Designator=C17 Old Footprint=CAPC1608X85N New Footprint=CAPC2012X88N
Change Component Footprint: Designator=C18 Old Footprint=CAPC1608X85N New Footprint=CAPC2012X88N
Change Component Footprint: Designator=C19 Old Footprint=CAPC1608X85N New Footprint=CAPC2012X88N
Change Component Footprint: Designator=C20 Old Footprint=CAPC1608X85N New Footprint=CAPC2012X88N
Change Component Footprint: Designator=C21 Old Footprint=CAPC1608X85N New Footprint=CAPC2012X88N
Change Component Footprint: Designator=C22 Old Footprint=CAPC1608X85N New Footprint=CAPC2012X88N
Change Component Footprint: Designator=C23 Old Footprint=CAPC1608X85N New Footprint=CAPC2012X88N
Change Component Footprint: Designator=C24 Old Footprint=CAPC1608X85N New Footprint=CAPC2012X88N
Change Component Comment : Designator=C1 Old Comment=C0603C104K3RACTU New Comment=25V 0.1uF X7R 0805 10%, MLCC
Change Component Comment : Designator=C2 Old Comment=C0603C104K3RACTU New Comment=25V 0.1uF X7R 0805 10%, MLCC
Change Component Comment : Designator=C3 Old Comment=C0603C104K3RACTU New Comment=25V 0.1uF X7R 0805 10%, MLCC
Change Component Comment : Designator=C4 Old Comment=C0603C104K3RACTU New Comment=25V 0.1uF X7R 0805 10%, MLCC
Change Component Comment : Designator=C5 Old Comment=C0603C104K3RACTU New Comment=25V 0.1uF X7R 0805 10%, MLCC
Change Component Comment : Designator=C6 Old Comment=C0603C104K3RACTU New Comment=25V 0.1uF X7R 0805 10%, MLCC
Change Component Comment : Designator=C7 Old Comment=C0603C104K3RACTU New Comment=25V 0.1uF X7R 0805 10%, MLCC
Change Component Comment : Designator=C8 Old Comment=C0603C104K3RACTU New Comment=25V 0.1uF X7R 0805 10%, MLCC
Change Component Comment : Designator=C9 Old Comment=C0603C104K3RACTU New Comment=25V 0.1uF X7R 0805 10%, MLCC
Change Component Comment : Designator=C10 Old Comment=C0603C104K3RACTU New Comment=25V 0.1uF X7R 0805 10%, MLCC
Change Component Comment : Designator=C11 Old Comment=C0603C104K3RACTU New Comment=25V 0.1uF X7R 0805 10%, MLCC
Change Component Comment : Designator=C12 Old Comment=C0603C104K3RACTU New Comment=25V 0.1uF X7R 0805 10%, MLCC
Change Component Comment : Designator=C13 Old Comment=C0603C104K3RACTU New Comment=25V 0.1uF X7R 0805 10%, MLCC
Change Component Comment : Designator=C14 Old Comment=C0603C104K3RACTU New Comment=25V 0.1uF X7R 0805 10%, MLCC
Change Component Comment : Designator=C15 Old Comment=C0603C104K3RACTU New Comment=25V 0.1uF X7R 0805 10%, MLCC
Change Component Comment : Designator=C16 Old Comment=C0603C104K3RACTU New Comment=25V 0.1uF X7R 0805 10%, MLCC
Change Component Comment : Designator=C17 Old Comment=C0603C104K3RACTU New Comment=25V 0.1uF X7R 0805 10%, MLCC
Change Component Comment : Designator=C18 Old Comment=C0603C104K3RACTU New Comment=25V 0.1uF X7R 0805 10%, MLCC
Change Component Comment : Designator=C19 Old Comment=C0603C104K3RACTU New Comment=25V 0.1uF X7R 0805 10%, MLCC
Change Component Comment : Designator=C20 Old Comment=C0603C104K3RACTU New Comment=25V 0.1uF X7R 0805 10%, MLCC
Change Component Comment : Designator=C21 Old Comment=C0603C104K3RACTU New Comment=25V 0.1uF X7R 0805 10%, MLCC
Change Component Comment : Designator=C22 Old Comment=C0603C104K3RACTU New Comment=25V 0.1uF X7R 0805 10%, MLCC
Change Component Comment : Designator=C23 Old Comment=C0603C104K3RACTU New Comment=25V 0.1uF X7R 0805 10%, MLCC
Change Component Comment : Designator=C24 Old Comment=C0603C104K3RACTU New Comment=25V 0.1uF X7R 0805 10%, MLCC
Change Component Description : Designator=C1 Old Description=25V 0.1uF X7R 0603 10%, MLCC New Description=25V 0.1uF X7R 0805 10%, MLCC
Change Component Description : Designator=C2 Old Description=25V 0.1uF X7R 0603 10%, MLCC New Description=25V 0.1uF X7R 0805 10%, MLCC
Change Component Description : Designator=C3 Old Description=25V 0.1uF X7R 0603 10%, MLCC New Description=25V 0.1uF X7R 0805 10%, MLCC
Change Component Description : Designator=C4 Old Description=25V 0.1uF X7R 0603 10%, MLCC New Description=25V 0.1uF X7R 0805 10%, MLCC
Change Component Description : Designator=C5 Old Description=25V 0.1uF X7R 0603 10%, MLCC New Description=25V 0.1uF X7R 0805 10%, MLCC
Change Component Description : Designator=C6 Old Description=25V 0.1uF X7R 0603 10%, MLCC New Description=25V 0.1uF X7R 0805 10%, MLCC
Change Component Description : Designator=C7 Old Description=25V 0.1uF X7R 0603 10%, MLCC New Description=25V 0.1uF X7R 0805 10%, MLCC
Change Component Description : Designator=C8 Old Description=25V 0.1uF X7R 0603 10%, MLCC New Description=25V 0.1uF X7R 0805 10%, MLCC
Change Component Description : Designator=C9 Old Description=25V 0.1uF X7R 0603 10%, MLCC New Description=25V 0.1uF X7R 0805 10%, MLCC
Change Component Description : Designator=C10 Old Description=25V 0.1uF X7R 0603 10%, MLCC New Description=25V 0.1uF X7R 0805 10%, MLCC
Change Component Description : Designator=C11 Old Description=25V 0.1uF X7R 0603 10%, MLCC New Description=25V 0.1uF X7R 0805 10%, MLCC
Change Component Description : Designator=C12 Old Description=25V 0.1uF X7R 0603 10%, MLCC New Description=25V 0.1uF X7R 0805 10%, MLCC
Change Component Description : Designator=C13 Old Description=25V 0.1uF X7R 0603 10%, MLCC New Description=25V 0.1uF X7R 0805 10%, MLCC
Change Component Description : Designator=C14 Old Description=25V 0.1uF X7R 0603 10%, MLCC New Description=25V 0.1uF X7R 0805 10%, MLCC
Change Component Description : Designator=C15 Old Description=25V 0.1uF X7R 0603 10%, MLCC New Description=25V 0.1uF X7R 0805 10%, MLCC
Change Component Description : Designator=C16 Old Description=25V 0.1uF X7R 0603 10%, MLCC New Description=25V 0.1uF X7R 0805 10%, MLCC
Change Component Description : Designator=C17 Old Description=25V 0.1uF X7R 0603 10%, MLCC New Description=25V 0.1uF X7R 0805 10%, MLCC
Change Component Description : Designator=C18 Old Description=25V 0.1uF X7R 0603 10%, MLCC New Description=25V 0.1uF X7R 0805 10%, MLCC
Change Component Description : Designator=C19 Old Description=25V 0.1uF X7R 0603 10%, MLCC New Description=25V 0.1uF X7R 0805 10%, MLCC
Change Component Description : Designator=C20 Old Description=25V 0.1uF X7R 0603 10%, MLCC New Description=25V 0.1uF X7R 0805 10%, MLCC
Change Component Description : Designator=C21 Old Description=25V 0.1uF X7R 0603 10%, MLCC New Description=25V 0.1uF X7R 0805 10%, MLCC
Change Component Description : Designator=C22 Old Description=25V 0.1uF X7R 0603 10%, MLCC New Description=25V 0.1uF X7R 0805 10%, MLCC
Change Component Description : Designator=C23 Old Description=25V 0.1uF X7R 0603 10%, MLCC New Description=25V 0.1uF X7R 0805 10%, MLCC
Change Component Description : Designator=C24 Old Description=25V 0.1uF X7R 0603 10%, MLCC New Description=25V 0.1uF X7R 0805 10%, MLCC
Change component parameters: Designator = "C1"; Footprint = "CAPC2012X88N"; UniqueID = "\SAIELWGA"
Change component parameters. Clean all parameters for all variants
Change component parameters (AddParameter): Name = "Arrow Part Number"; Value = "C0805C103K2RACTU"; VariantName = "[No Variations]"
Change component parameters (AddParameter): Name = "Arrow Price/Stock"; Value = "https://www.arrow.com/en/products/c0805c103k2ractu/kemet-corporation"; VariantName = "[No Variations]"
Change component parameters (AddParameter): Name = "Datasheet Link"; Value = "http://docs-emea.rs-online.com/webdocs/1515/0900766b8151517e.pdf"; VariantName = "[No Variations]"
Change component parameters (AddParameter): Name = "Height"; Value = "0.88mm"; VariantName = "[No Variations]"
Change component parameters (AddParameter): Name = "Manufacturer_Name"; Value = "Kemet"; VariantName = "[No Variations]"
Change component parameters (AddParameter): Name = "Manufacturer_Part_Number"; Value = "C0805C103K2RACTU"; VariantName = "[No Variations]"
Change component parameters (AddParameter): Name = "Mouser Part Number"; Value = "80-C0805C103K2R"; VariantName = "[No Variations]"
Change component parameters (AddParameter): Name = "Mouser Price/Stock"; Value = "https://www.mouser.com/Search/Refine.aspx?Keyword=80-C0805C103K2R"; VariantName = "[No Variations]"
Change component parameters: Designator = "C2"; Footprint = "CAPC2012X88N"; UniqueID = "\YQLGTLLO"
Change component parameters. Clean all parameters for all variants
Change component parameters (AddParameter): Name = "Arrow Part Number"; Value = "C0805C103K2RACTU"; VariantName = "[No Variations]"
Change component parameters (AddParameter): Name = "Arrow Price/Stock"; Value = "https://www.arrow.com/en/products/c0805c103k2ractu/kemet-corporation"; VariantName = "[No Variations]"
Change component parameters (AddParameter): Name = "Datasheet Link"; Value = "http://docs-emea.rs-online.com/webdocs/1515/0900766b8151517e.pdf"; VariantName = "[No Variations]"
Change component parameters (AddParameter): Name = "Height"; Value = "0.88mm"; VariantName = "[No Variations]"
Change component parameters (AddParameter): Name = "Manufacturer_Name"; Value = "Kemet"; VariantName = "[No Variations]"
Change component parameters (AddParameter): Name = "Manufacturer_Part_Number"; Value = "C0805C103K2RACTU"; VariantName = "[No Variations]"
Change component parameters (AddParameter): Name = "Mouser Part Number"; Value = "80-C0805C103K2R"; VariantName = "[No Variations]"
Change component parameters (AddParameter): Name = "Mouser Price/Stock"; Value = "https://www.mouser.com/Search/Refine.aspx?Keyword=80-C0805C103K2R"; VariantName = "[No Variations]"
Change component parameters: Designator = "C3"; Footprint = "CAPC2012X88N"; UniqueID = "\ZYEDHKZZ"
Change component parameters. Clean all parameters for all variants
Change component parameters (AddParameter): Name = "Arrow Part Number"; Value = "C0805C103K2RACTU"; VariantName = "[No Variations]"
Change component parameters (AddParameter): Name = "Arrow Price/Stock"; Value = "https://www.arrow.com/en/products/c0805c103k2ractu/kemet-corporation"; VariantName = "[No Variations]"
Change component parameters (AddParameter): Name = "Datasheet Link"; Value = "http://docs-emea.rs-online.com/webdocs/1515/0900766b8151517e.pdf"; VariantName = "[No Variations]"
Change component parameters (AddParameter): Name = "Height"; Value = "0.88mm"; VariantName = "[No Variations]"
Change component parameters (AddParameter): Name = "Manufacturer_Name"; Value = "Kemet"; VariantName = "[No Variations]"
Change component parameters (AddParameter): Name = "Manufacturer_Part_Number"; Value = "C0805C103K2RACTU"; VariantName = "[No Variations]"
Change component parameters (AddParameter): Name = "Mouser Part Number"; Value = "80-C0805C103K2R"; VariantName = "[No Variations]"
Change component parameters (AddParameter): Name = "Mouser Price/Stock"; Value = "https://www.mouser.com/Search/Refine.aspx?Keyword=80-C0805C103K2R"; VariantName = "[No Variations]"
Change component parameters: Designator = "C4"; Footprint = "CAPC2012X88N"; UniqueID = "\TJBLOICR"
Change component parameters. Clean all parameters for all variants
Change component parameters (AddParameter): Name = "Arrow Part Number"; Value = "C0805C103K2RACTU"; VariantName = "[No Variations]"
Change component parameters (AddParameter): Name = "Arrow Price/Stock"; Value = "https://www.arrow.com/en/products/c0805c103k2ractu/kemet-corporation"; VariantName = "[No Variations]"
Change component parameters (AddParameter): Name = "Datasheet Link"; Value = "http://docs-emea.rs-online.com/webdocs/1515/0900766b8151517e.pdf"; VariantName = "[No Variations]"
Change component parameters (AddParameter): Name = "Height"; Value = "0.88mm"; VariantName = "[No Variations]"
Change component parameters (AddParameter): Name = "Manufacturer_Name"; Value = "Kemet"; VariantName = "[No Variations]"
Change component parameters (AddParameter): Name = "Manufacturer_Part_Number"; Value = "C0805C103K2RACTU"; VariantName = "[No Variations]"
Change component parameters (AddParameter): Name = "Mouser Part Number"; Value = "80-C0805C103K2R"; VariantName = "[No Variations]"
Change component parameters (AddParameter): Name = "Mouser Price/Stock"; Value = "https://www.mouser.com/Search/Refine.aspx?Keyword=80-C0805C103K2R"; VariantName = "[No Variations]"
Change component parameters: Designator = "C5"; Footprint = "CAPC2012X88N"; UniqueID = "\UDCVTEPU"
Change component parameters. Clean all parameters for all variants
Change component parameters (AddParameter): Name = "Arrow Part Number"; Value = "C0805C103K2RACTU"; VariantName = "[No Variations]"
Change component parameters (AddParameter): Name = "Arrow Price/Stock"; Value = "https://www.arrow.com/en/products/c0805c103k2ractu/kemet-corporation"; VariantName = "[No Variations]"
Change component parameters (AddParameter): Name = "Datasheet Link"; Value = "http://docs-emea.rs-online.com/webdocs/1515/0900766b8151517e.pdf"; VariantName = "[No Variations]"
Change component parameters (AddParameter): Name = "Height"; Value = "0.88mm"; VariantName = "[No Variations]"
Change component parameters (AddParameter): Name = "Manufacturer_Name"; Value = "Kemet"; VariantName = "[No Variations]"
Change component parameters (AddParameter): Name = "Manufacturer_Part_Number"; Value = "C0805C103K2RACTU"; VariantName = "[No Variations]"
Change component parameters (AddParameter): Name = "Mouser Part Number"; Value = "80-C0805C103K2R"; VariantName = "[No Variations]"
Change component parameters (AddParameter): Name = "Mouser Price/Stock"; Value = "https://www.mouser.com/Search/Refine.aspx?Keyword=80-C0805C103K2R"; VariantName = "[No Variations]"
Change component parameters: Designator = "C6"; Footprint = "CAPC2012X88N"; UniqueID = "\MKFAHGTQ"
Change component parameters. Clean all parameters for all variants
Change component parameters (AddParameter): Name = "Arrow Part Number"; Value = "C0805C103K2RACTU"; VariantName = "[No Variations]"
Change component parameters (AddParameter): Name = "Arrow Price/Stock"; Value = "https://www.arrow.com/en/products/c0805c103k2ractu/kemet-corporation"; VariantName = "[No Variations]"
Change component parameters (AddParameter): Name = "Datasheet Link"; Value = "http://docs-emea.rs-online.com/webdocs/1515/0900766b8151517e.pdf"; VariantName = "[No Variations]"
Change component parameters (AddParameter): Name = "Height"; Value = "0.88mm"; VariantName = "[No Variations]"
Change component parameters (AddParameter): Name = "Manufacturer_Name"; Value = "Kemet"; VariantName = "[No Variations]"
Change component parameters (AddParameter): Name = "Manufacturer_Part_Number"; Value = "C0805C103K2RACTU"; VariantName = "[No Variations]"
Change component parameters (AddParameter): Name = "Mouser Part Number"; Value = "80-C0805C103K2R"; VariantName = "[No Variations]"
Change component parameters (AddParameter): Name = "Mouser Price/Stock"; Value = "https://www.mouser.com/Search/Refine.aspx?Keyword=80-C0805C103K2R"; VariantName = "[No Variations]"
Change component parameters: Designator = "C7"; Footprint = "CAPC2012X88N"; UniqueID = "\WZJDHUEB"
Change component parameters. Clean all parameters for all variants
Change component parameters (AddParameter): Name = "Arrow Part Number"; Value = "C0805C103K2RACTU"; VariantName = "[No Variations]"
Change component parameters (AddParameter): Name = "Arrow Price/Stock"; Value = "https://www.arrow.com/en/products/c0805c103k2ractu/kemet-corporation"; VariantName = "[No Variations]"
Change component parameters (AddParameter): Name = "Datasheet Link"; Value = "http://docs-emea.rs-online.com/webdocs/1515/0900766b8151517e.pdf"; VariantName = "[No Variations]"
Change component parameters (AddParameter): Name = "Height"; Value = "0.88mm"; VariantName = "[No Variations]"
Change component parameters (AddParameter): Name = "Manufacturer_Name"; Value = "Kemet"; VariantName = "[No Variations]"
Change component parameters (AddParameter): Name = "Manufacturer_Part_Number"; Value = "C0805C103K2RACTU"; VariantName = "[No Variations]"
Change component parameters (AddParameter): Name = "Mouser Part Number"; Value = "80-C0805C103K2R"; VariantName = "[No Variations]"
Change component parameters (AddParameter): Name = "Mouser Price/Stock"; Value = "https://www.mouser.com/Search/Refine.aspx?Keyword=80-C0805C103K2R"; VariantName = "[No Variations]"
Change component parameters: Designator = "C8"; Footprint = "CAPC2012X88N"; UniqueID = "\RSZPJRTT"
Change component parameters. Clean all parameters for all variants
Change component parameters (AddParameter): Name = "Arrow Part Number"; Value = "C0805C103K2RACTU"; VariantName = "[No Variations]"
Change component parameters (AddParameter): Name = "Arrow Price/Stock"; Value = "https://www.arrow.com/en/products/c0805c103k2ractu/kemet-corporation"; VariantName = "[No Variations]"
Change component parameters (AddParameter): Name = "Datasheet Link"; Value = "http://docs-emea.rs-online.com/webdocs/1515/0900766b8151517e.pdf"; VariantName = "[No Variations]"
Change component parameters (AddParameter): Name = "Height"; Value = "0.88mm"; VariantName = "[No Variations]"
Change component parameters (AddParameter): Name = "Manufacturer_Name"; Value = "Kemet"; VariantName = "[No Variations]"
Change component parameters (AddParameter): Name = "Manufacturer_Part_Number"; Value = "C0805C103K2RACTU"; VariantName = "[No Variations]"
Change component parameters (AddParameter): Name = "Mouser Part Number"; Value = "80-C0805C103K2R"; VariantName = "[No Variations]"
Change component parameters (AddParameter): Name = "Mouser Price/Stock"; Value = "https://www.mouser.com/Search/Refine.aspx?Keyword=80-C0805C103K2R"; VariantName = "[No Variations]"
Change component parameters: Designator = "C9"; Footprint = "CAPC2012X88N"; UniqueID = "\GGHZQHWE"
Change component parameters. Clean all parameters for all variants
Change component parameters (AddParameter): Name = "Arrow Part Number"; Value = "C0805C103K2RACTU"; VariantName = "[No Variations]"
Change component parameters (AddParameter): Name = "Arrow Price/Stock"; Value = "https://www.arrow.com/en/products/c0805c103k2ractu/kemet-corporation"; VariantName = "[No Variations]"
Change component parameters (AddParameter): Name = "Datasheet Link"; Value = "http://docs-emea.rs-online.com/webdocs/1515/0900766b8151517e.pdf"; VariantName = "[No Variations]"
Change component parameters (AddParameter): Name = "Height"; Value = "0.88mm"; VariantName = "[No Variations]"
Change component parameters (AddParameter): Name = "Manufacturer_Name"; Value = "Kemet"; VariantName = "[No Variations]"
Change component parameters (AddParameter): Name = "Manufacturer_Part_Number"; Value = "C0805C103K2RACTU"; VariantName = "[No Variations]"
Change component parameters (AddParameter): Name = "Mouser Part Number"; Value = "80-C0805C103K2R"; VariantName = "[No Variations]"
Change component parameters (AddParameter): Name = "Mouser Price/Stock"; Value = "https://www.mouser.com/Search/Refine.aspx?Keyword=80-C0805C103K2R"; VariantName = "[No Variations]"
Change component parameters: Designator = "C10"; Footprint = "CAPC2012X88N"; UniqueID = "\HXZZTCZQ"
Change component parameters. Clean all parameters for all variants
Change component parameters (AddParameter): Name = "Arrow Part Number"; Value = "C0805C103K2RACTU"; VariantName = "[No Variations]"
Change component parameters (AddParameter): Name = "Arrow Price/Stock"; Value = "https://www.arrow.com/en/products/c0805c103k2ractu/kemet-corporation"; VariantName = "[No Variations]"
Change component parameters (AddParameter): Name = "Datasheet Link"; Value = "http://docs-emea.rs-online.com/webdocs/1515/0900766b8151517e.pdf"; VariantName = "[No Variations]"
Change component parameters (AddParameter): Name = "Height"; Value = "0.88mm"; VariantName = "[No Variations]"
Change component parameters (AddParameter): Name = "Manufacturer_Name"; Value = "Kemet"; VariantName = "[No Variations]"
Change component parameters (AddParameter): Name = "Manufacturer_Part_Number"; Value = "C0805C103K2RACTU"; VariantName = "[No Variations]"
Change component parameters (AddParameter): Name = "Mouser Part Number"; Value = "80-C0805C103K2R"; VariantName = "[No Variations]"
Change component parameters (AddParameter): Name = "Mouser Price/Stock"; Value = "https://www.mouser.com/Search/Refine.aspx?Keyword=80-C0805C103K2R"; VariantName = "[No Variations]"
Change component parameters: Designator = "C11"; Footprint = "CAPC2012X88N"; UniqueID = "\GBWJWLKQ"
Change component parameters. Clean all parameters for all variants
Change component parameters (AddParameter): Name = "Arrow Part Number"; Value = "C0805C103K2RACTU"; VariantName = "[No Variations]"
Change component parameters (AddParameter): Name = "Arrow Price/Stock"; Value = "https://www.arrow.com/en/products/c0805c103k2ractu/kemet-corporation"; VariantName = "[No Variations]"
Change component parameters (AddParameter): Name = "Datasheet Link"; Value = "http://docs-emea.rs-online.com/webdocs/1515/0900766b8151517e.pdf"; VariantName = "[No Variations]"
Change component parameters (AddParameter): Name = "Height"; Value = "0.88mm"; VariantName = "[No Variations]"
Change component parameters (AddParameter): Name = "Manufacturer_Name"; Value = "Kemet"; VariantName = "[No Variations]"
Change component parameters (AddParameter): Name = "Manufacturer_Part_Number"; Value = "C0805C103K2RACTU"; VariantName = "[No Variations]"
Change component parameters (AddParameter): Name = "Mouser Part Number"; Value = "80-C0805C103K2R"; VariantName = "[No Variations]"
Change component parameters (AddParameter): Name = "Mouser Price/Stock"; Value = "https://www.mouser.com/Search/Refine.aspx?Keyword=80-C0805C103K2R"; VariantName = "[No Variations]"
Change component parameters: Designator = "C12"; Footprint = "CAPC2012X88N"; UniqueID = "\UGBYUQCL"
Change component parameters. Clean all parameters for all variants
Change component parameters (AddParameter): Name = "Arrow Part Number"; Value = "C0805C103K2RACTU"; VariantName = "[No Variations]"
Change component parameters (AddParameter): Name = "Arrow Price/Stock"; Value = "https://www.arrow.com/en/products/c0805c103k2ractu/kemet-corporation"; VariantName = "[No Variations]"
Change component parameters (AddParameter): Name = "Datasheet Link"; Value = "http://docs-emea.rs-online.com/webdocs/1515/0900766b8151517e.pdf"; VariantName = "[No Variations]"
Change component parameters (AddParameter): Name = "Height"; Value = "0.88mm"; VariantName = "[No Variations]"
Change component parameters (AddParameter): Name = "Manufacturer_Name"; Value = "Kemet"; VariantName = "[No Variations]"
Change component parameters (AddParameter): Name = "Manufacturer_Part_Number"; Value = "C0805C103K2RACTU"; VariantName = "[No Variations]"
Change component parameters (AddParameter): Name = "Mouser Part Number"; Value = "80-C0805C103K2R"; VariantName = "[No Variations]"
Change component parameters (AddParameter): Name = "Mouser Price/Stock"; Value = "https://www.mouser.com/Search/Refine.aspx?Keyword=80-C0805C103K2R"; VariantName = "[No Variations]"
Change component parameters: Designator = "C13"; Footprint = "CAPC2012X88N"; UniqueID = "\BYMMZGPV"
Change component parameters. Clean all parameters for all variants
Change component parameters (AddParameter): Name = "Arrow Part Number"; Value = "C0805C103K2RACTU"; VariantName = "[No Variations]"
Change component parameters (AddParameter): Name = "Arrow Price/Stock"; Value = "https://www.arrow.com/en/products/c0805c103k2ractu/kemet-corporation"; VariantName = "[No Variations]"
Change component parameters (AddParameter): Name = "Datasheet Link"; Value = "http://docs-emea.rs-online.com/webdocs/1515/0900766b8151517e.pdf"; VariantName = "[No Variations]"
Change component parameters (AddParameter): Name = "Height"; Value = "0.88mm"; VariantName = "[No Variations]"
Change component parameters (AddParameter): Name = "Manufacturer_Name"; Value = "Kemet"; VariantName = "[No Variations]"
Change component parameters (AddParameter): Name = "Manufacturer_Part_Number"; Value = "C0805C103K2RACTU"; VariantName = "[No Variations]"
Change component parameters (AddParameter): Name = "Mouser Part Number"; Value = "80-C0805C103K2R"; VariantName = "[No Variations]"
Change component parameters (AddParameter): Name = "Mouser Price/Stock"; Value = "https://www.mouser.com/Search/Refine.aspx?Keyword=80-C0805C103K2R"; VariantName = "[No Variations]"
Change component parameters: Designator = "C14"; Footprint = "CAPC2012X88N"; UniqueID = "\EFHKYEPO"
Change component parameters. Clean all parameters for all variants
Change component parameters (AddParameter): Name = "Arrow Part Number"; Value = "C0805C103K2RACTU"; VariantName = "[No Variations]"
Change component parameters (AddParameter): Name = "Arrow Price/Stock"; Value = "https://www.arrow.com/en/products/c0805c103k2ractu/kemet-corporation"; VariantName = "[No Variations]"
Change component parameters (AddParameter): Name = "Datasheet Link"; Value = "http://docs-emea.rs-online.com/webdocs/1515/0900766b8151517e.pdf"; VariantName = "[No Variations]"
Change component parameters (AddParameter): Name = "Height"; Value = "0.88mm"; VariantName = "[No Variations]"
Change component parameters (AddParameter): Name = "Manufacturer_Name"; Value = "Kemet"; VariantName = "[No Variations]"
Change component parameters (AddParameter): Name = "Manufacturer_Part_Number"; Value = "C0805C103K2RACTU"; VariantName = "[No Variations]"
Change component parameters (AddParameter): Name = "Mouser Part Number"; Value = "80-C0805C103K2R"; VariantName = "[No Variations]"
Change component parameters (AddParameter): Name = "Mouser Price/Stock"; Value = "https://www.mouser.com/Search/Refine.aspx?Keyword=80-C0805C103K2R"; VariantName = "[No Variations]"
Change component parameters: Designator = "C15"; Footprint = "CAPC2012X88N"; UniqueID = "\QOSBQUPP"
Change component parameters. Clean all parameters for all variants
Change component parameters (AddParameter): Name = "Arrow Part Number"; Value = "C0805C103K2RACTU"; VariantName = "[No Variations]"
Change component parameters (AddParameter): Name = "Arrow Price/Stock"; Value = "https://www.arrow.com/en/products/c0805c103k2ractu/kemet-corporation"; VariantName = "[No Variations]"
Change component parameters (AddParameter): Name = "Datasheet Link"; Value = "http://docs-emea.rs-online.com/webdocs/1515/0900766b8151517e.pdf"; VariantName = "[No Variations]"
Change component parameters (AddParameter): Name = "Height"; Value = "0.88mm"; VariantName = "[No Variations]"
Change component parameters (AddParameter): Name = "Manufacturer_Name"; Value = "Kemet"; VariantName = "[No Variations]"
Change component parameters (AddParameter): Name = "Manufacturer_Part_Number"; Value = "C0805C103K2RACTU"; VariantName = "[No Variations]"
Change component parameters (AddParameter): Name = "Mouser Part Number"; Value = "80-C0805C103K2R"; VariantName = "[No Variations]"
Change component parameters (AddParameter): Name = "Mouser Price/Stock"; Value = "https://www.mouser.com/Search/Refine.aspx?Keyword=80-C0805C103K2R"; VariantName = "[No Variations]"
Change component parameters: Designator = "C16"; Footprint = "CAPC2012X88N"; UniqueID = "\MKLESLXC"
Change component parameters. Clean all parameters for all variants
Change component parameters (AddParameter): Name = "Arrow Part Number"; Value = "C0805C103K2RACTU"; VariantName = "[No Variations]"
Change component parameters (AddParameter): Name = "Arrow Price/Stock"; Value = "https://www.arrow.com/en/products/c0805c103k2ractu/kemet-corporation"; VariantName = "[No Variations]"
Change component parameters (AddParameter): Name = "Datasheet Link"; Value = "http://docs-emea.rs-online.com/webdocs/1515/0900766b8151517e.pdf"; VariantName = "[No Variations]"
Change component parameters (AddParameter): Name = "Height"; Value = "0.88mm"; VariantName = "[No Variations]"
Change component parameters (AddParameter): Name = "Manufacturer_Name"; Value = "Kemet"; VariantName = "[No Variations]"
Change component parameters (AddParameter): Name = "Manufacturer_Part_Number"; Value = "C0805C103K2RACTU"; VariantName = "[No Variations]"
Change component parameters (AddParameter): Name = "Mouser Part Number"; Value = "80-C0805C103K2R"; VariantName = "[No Variations]"
Change component parameters (AddParameter): Name = "Mouser Price/Stock"; Value = "https://www.mouser.com/Search/Refine.aspx?Keyword=80-C0805C103K2R"; VariantName = "[No Variations]"
Change component parameters: Designator = "C17"; Footprint = "CAPC2012X88N"; UniqueID = "\YNCLTSXG"
Change component parameters. Clean all parameters for all variants
Change component parameters (AddParameter): Name = "Arrow Part Number"; Value = "C0805C103K2RACTU"; VariantName = "[No Variations]"
Change component parameters (AddParameter): Name = "Arrow Price/Stock"; Value = "https://www.arrow.com/en/products/c0805c103k2ractu/kemet-corporation"; VariantName = "[No Variations]"
Change component parameters (AddParameter): Name = "Datasheet Link"; Value = "http://docs-emea.rs-online.com/webdocs/1515/0900766b8151517e.pdf"; VariantName = "[No Variations]"
Change component parameters (AddParameter): Name = "Height"; Value = "0.88mm"; VariantName = "[No Variations]"
Change component parameters (AddParameter): Name = "Manufacturer_Name"; Value = "Kemet"; VariantName = "[No Variations]"
Change component parameters (AddParameter): Name = "Manufacturer_Part_Number"; Value = "C0805C103K2RACTU"; VariantName = "[No Variations]"
Change component parameters (AddParameter): Name = "Mouser Part Number"; Value = "80-C0805C103K2R"; VariantName = "[No Variations]"
Change component parameters (AddParameter): Name = "Mouser Price/Stock"; Value = "https://www.mouser.com/Search/Refine.aspx?Keyword=80-C0805C103K2R"; VariantName = "[No Variations]"
Change component parameters: Designator = "C18"; Footprint = "CAPC2012X88N"; UniqueID = "\HFORNOEO"
Change component parameters. Clean all parameters for all variants
Change component parameters (AddParameter): Name = "Arrow Part Number"; Value = "C0805C103K2RACTU"; VariantName = "[No Variations]"
Change component parameters (AddParameter): Name = "Arrow Price/Stock"; Value = "https://www.arrow.com/en/products/c0805c103k2ractu/kemet-corporation"; VariantName = "[No Variations]"
Change component parameters (AddParameter): Name = "Datasheet Link"; Value = "http://docs-emea.rs-online.com/webdocs/1515/0900766b8151517e.pdf"; VariantName = "[No Variations]"
Change component parameters (AddParameter): Name = "Height"; Value = "0.88mm"; VariantName = "[No Variations]"
Change component parameters (AddParameter): Name = "Manufacturer_Name"; Value = "Kemet"; VariantName = "[No Variations]"
Change component parameters (AddParameter): Name = "Manufacturer_Part_Number"; Value = "C0805C103K2RACTU"; VariantName = "[No Variations]"
Change component parameters (AddParameter): Name = "Mouser Part Number"; Value = "80-C0805C103K2R"; VariantName = "[No Variations]"
Change component parameters (AddParameter): Name = "Mouser Price/Stock"; Value = "https://www.mouser.com/Search/Refine.aspx?Keyword=80-C0805C103K2R"; VariantName = "[No Variations]"
Change component parameters: Designator = "C19"; Footprint = "CAPC2012X88N"; UniqueID = "\CZTFAWDO"
Change component parameters. Clean all parameters for all variants
Change component parameters (AddParameter): Name = "Arrow Part Number"; Value = "C0805C103K2RACTU"; VariantName = "[No Variations]"
Change component parameters (AddParameter): Name = "Arrow Price/Stock"; Value = "https://www.arrow.com/en/products/c0805c103k2ractu/kemet-corporation"; VariantName = "[No Variations]"
Change component parameters (AddParameter): Name = "Datasheet Link"; Value = "http://docs-emea.rs-online.com/webdocs/1515/0900766b8151517e.pdf"; VariantName = "[No Variations]"
Change component parameters (AddParameter): Name = "Height"; Value = "0.88mm"; VariantName = "[No Variations]"
Change component parameters (AddParameter): Name = "Manufacturer_Name"; Value = "Kemet"; VariantName = "[No Variations]"
Change component parameters (AddParameter): Name = "Manufacturer_Part_Number"; Value = "C0805C103K2RACTU"; VariantName = "[No Variations]"
Change component parameters (AddParameter): Name = "Mouser Part Number"; Value = "80-C0805C103K2R"; VariantName = "[No Variations]"
Change component parameters (AddParameter): Name = "Mouser Price/Stock"; Value = "https://www.mouser.com/Search/Refine.aspx?Keyword=80-C0805C103K2R"; VariantName = "[No Variations]"
Change component parameters: Designator = "C20"; Footprint = "CAPC2012X88N"; UniqueID = "\APFARHPS"
Change component parameters. Clean all parameters for all variants
Change component parameters (AddParameter): Name = "Arrow Part Number"; Value = "C0805C103K2RACTU"; VariantName = "[No Variations]"
Change component parameters (AddParameter): Name = "Arrow Price/Stock"; Value = "https://www.arrow.com/en/products/c0805c103k2ractu/kemet-corporation"; VariantName = "[No Variations]"
Change component parameters (AddParameter): Name = "Datasheet Link"; Value = "http://docs-emea.rs-online.com/webdocs/1515/0900766b8151517e.pdf"; VariantName = "[No Variations]"
Change component parameters (AddParameter): Name = "Height"; Value = "0.88mm"; VariantName = "[No Variations]"
Change component parameters (AddParameter): Name = "Manufacturer_Name"; Value = "Kemet"; VariantName = "[No Variations]"
Change component parameters (AddParameter): Name = "Manufacturer_Part_Number"; Value = "C0805C103K2RACTU"; VariantName = "[No Variations]"
Change component parameters (AddParameter): Name = "Mouser Part Number"; Value = "80-C0805C103K2R"; VariantName = "[No Variations]"
Change component parameters (AddParameter): Name = "Mouser Price/Stock"; Value = "https://www.mouser.com/Search/Refine.aspx?Keyword=80-C0805C103K2R"; VariantName = "[No Variations]"
Change component parameters: Designator = "C21"; Footprint = "CAPC2012X88N"; UniqueID = "\NJWFCWCU"
Change component parameters. Clean all parameters for all variants
Change component parameters (AddParameter): Name = "Arrow Part Number"; Value = "C0805C103K2RACTU"; VariantName = "[No Variations]"
Change component parameters (AddParameter): Name = "Arrow Price/Stock"; Value = "https://www.arrow.com/en/products/c0805c103k2ractu/kemet-corporation"; VariantName = "[No Variations]"
Change component parameters (AddParameter): Name = "Datasheet Link"; Value = "http://docs-emea.rs-online.com/webdocs/1515/0900766b8151517e.pdf"; VariantName = "[No Variations]"
Change component parameters (AddParameter): Name = "Height"; Value = "0.88mm"; VariantName = "[No Variations]"
Change component parameters (AddParameter): Name = "Manufacturer_Name"; Value = "Kemet"; VariantName = "[No Variations]"
Change component parameters (AddParameter): Name = "Manufacturer_Part_Number"; Value = "C0805C103K2RACTU"; VariantName = "[No Variations]"
Change component parameters (AddParameter): Name = "Mouser Part Number"; Value = "80-C0805C103K2R"; VariantName = "[No Variations]"
Change component parameters (AddParameter): Name = "Mouser Price/Stock"; Value = "https://www.mouser.com/Search/Refine.aspx?Keyword=80-C0805C103K2R"; VariantName = "[No Variations]"
Change component parameters: Designator = "C22"; Footprint = "CAPC2012X88N"; UniqueID = "\LPXYZQXA"
Change component parameters. Clean all parameters for all variants
Change component parameters (AddParameter): Name = "Arrow Part Number"; Value = "C0805C103K2RACTU"; VariantName = "[No Variations]"
Change component parameters (AddParameter): Name = "Arrow Price/Stock"; Value = "https://www.arrow.com/en/products/c0805c103k2ractu/kemet-corporation"; VariantName = "[No Variations]"
Change component parameters (AddParameter): Name = "Datasheet Link"; Value = "http://docs-emea.rs-online.com/webdocs/1515/0900766b8151517e.pdf"; VariantName = "[No Variations]"
Change component parameters (AddParameter): Name = "Height"; Value = "0.88mm"; VariantName = "[No Variations]"
Change component parameters (AddParameter): Name = "Manufacturer_Name"; Value = "Kemet"; VariantName = "[No Variations]"
Change component parameters (AddParameter): Name = "Manufacturer_Part_Number"; Value = "C0805C103K2RACTU"; VariantName = "[No Variations]"
Change component parameters (AddParameter): Name = "Mouser Part Number"; Value = "80-C0805C103K2R"; VariantName = "[No Variations]"
Change component parameters (AddParameter): Name = "Mouser Price/Stock"; Value = "https://www.mouser.com/Search/Refine.aspx?Keyword=80-C0805C103K2R"; VariantName = "[No Variations]"
Change component parameters: Designator = "C23"; Footprint = "CAPC2012X88N"; UniqueID = "\GIBVLNKX"
Change component parameters. Clean all parameters for all variants
Change component parameters (AddParameter): Name = "Arrow Part Number"; Value = "C0805C103K2RACTU"; VariantName = "[No Variations]"
Change component parameters (AddParameter): Name = "Arrow Price/Stock"; Value = "https://www.arrow.com/en/products/c0805c103k2ractu/kemet-corporation"; VariantName = "[No Variations]"
Change component parameters (AddParameter): Name = "Datasheet Link"; Value = "http://docs-emea.rs-online.com/webdocs/1515/0900766b8151517e.pdf"; VariantName = "[No Variations]"
Change component parameters (AddParameter): Name = "Height"; Value = "0.88mm"; VariantName = "[No Variations]"
Change component parameters (AddParameter): Name = "Manufacturer_Name"; Value = "Kemet"; VariantName = "[No Variations]"
Change component parameters (AddParameter): Name = "Manufacturer_Part_Number"; Value = "C0805C103K2RACTU"; VariantName = "[No Variations]"
Change component parameters (AddParameter): Name = "Mouser Part Number"; Value = "80-C0805C103K2R"; VariantName = "[No Variations]"
Change component parameters (AddParameter): Name = "Mouser Price/Stock"; Value = "https://www.mouser.com/Search/Refine.aspx?Keyword=80-C0805C103K2R"; VariantName = "[No Variations]"
Change component parameters: Designator = "C24"; Footprint = "CAPC2012X88N"; UniqueID = "\AUEILMOV"
Change component parameters. Clean all parameters for all variants
Change component parameters (AddParameter): Name = "Arrow Part Number"; Value = "C0805C103K2RACTU"; VariantName = "[No Variations]"
Change component parameters (AddParameter): Name = "Arrow Price/Stock"; Value = "https://www.arrow.com/en/products/c0805c103k2ractu/kemet-corporation"; VariantName = "[No Variations]"
Change component parameters (AddParameter): Name = "Datasheet Link"; Value = "http://docs-emea.rs-online.com/webdocs/1515/0900766b8151517e.pdf"; VariantName = "[No Variations]"
Change component parameters (AddParameter): Name = "Height"; Value = "0.88mm"; VariantName = "[No Variations]"
Change component parameters (AddParameter): Name = "Manufacturer_Name"; Value = "Kemet"; VariantName = "[No Variations]"
Change component parameters (AddParameter): Name = "Manufacturer_Part_Number"; Value = "C0805C103K2RACTU"; VariantName = "[No Variations]"
Change component parameters (AddParameter): Name = "Mouser Part Number"; Value = "80-C0805C103K2R"; VariantName = "[No Variations]"
Change component parameters (AddParameter): Name = "Mouser Price/Stock"; Value = "https://www.mouser.com/Search/Refine.aspx?Keyword=80-C0805C103K2R"; VariantName = "[No Variations]"
