Removed Pin From Net: NetName=C8 Pin=C49-1
Removed Pin From Net: NetName=GNDA Pin=C49-2
Removed Member From Class: ClassName=BMS_Slave Member=C49
Change Component Footprint: Designator=R1 Old Footprint=0805-Resistor New Footprint=RESC1608X55N
Change Component Footprint: Designator=R2 Old Footprint=0805-Resistor New Footprint=RESC1608X55N
Change Component Footprint: Designator=R3 Old Footprint=0805-Resistor New Footprint=RESC1608X55N
Change Component Footprint: Designator=R4 Old Footprint=0805-Resistor New Footprint=RESC1608X55N
Change Component Footprint: Designator=R5 Old Footprint=0805-Resistor New Footprint=RESC1608X55N
Change Component Footprint: Designator=R6 Old Footprint=0805-Resistor New Footprint=RESC1608X55N
Change Component Footprint: Designator=R7 Old Footprint=0805-Resistor New Footprint=RESC1608X55N
Change Component Footprint: Designator=R8 Old Footprint=0805-Resistor New Footprint=RESC1608X55N
Change Component Footprint: Designator=R9 Old Footprint=0805-Resistor New Footprint=RESC1608X55N
Change Component Footprint: Designator=R10 Old Footprint=0805-Resistor New Footprint=RESC1608X55N
Change Component Footprint: Designator=R11 Old Footprint=0805-Resistor New Footprint=RESC1608X55N
Change Component Footprint: Designator=R12 Old Footprint=0805-Resistor New Footprint=RESC1608X55N
Change Component Footprint: Designator=R13 Old Footprint=0805-Resistor New Footprint=RESC1608X55N
Change Component Footprint: Designator=R14 Old Footprint=0805-Resistor New Footprint=RESC1608X55N
Change Component Footprint: Designator=R15 Old Footprint=0805-Resistor New Footprint=RESC1608X55N
Change Component Footprint: Designator=R16 Old Footprint=0805-Resistor New Footprint=RESC1608X55N
Change Component Footprint: Designator=R17 Old Footprint=0805-Resistor New Footprint=RESC1608X55N
Change Component Footprint: Designator=R18 Old Footprint=0805-Resistor New Footprint=RESC1608X55N
Change Component Footprint: Designator=R19 Old Footprint=0805-Resistor New Footprint=RESC1608X55N
Change Component Footprint: Designator=R20 Old Footprint=0805-Resistor New Footprint=RESC1608X55N
Change Component Footprint: Designator=R21 Old Footprint=0805-Resistor New Footprint=RESC1608X55N
Change Component Footprint: Designator=R22 Old Footprint=0805-Resistor New Footprint=RESC1608X55N
Change Component Footprint: Designator=R23 Old Footprint=0805-Resistor New Footprint=RESC1608X55N
Change Component Footprint: Designator=R24 Old Footprint=0805-Resistor New Footprint=RESC1608X55N
Change Component Footprint: Designator=R25 Old Footprint=0805-Resistor New Footprint=RESC1608X55N
Change Component Footprint: Designator=R26 Old Footprint=0805-Resistor New Footprint=RESC1608X55N
Change Component Footprint: Designator=R27 Old Footprint=0805-Resistor New Footprint=RESC1608X55N
Change Component Footprint: Designator=R28 Old Footprint=0805-Resistor New Footprint=RESC1608X55N
Change Component Footprint: Designator=R29 Old Footprint=0805-Resistor New Footprint=RESC1608X55N
Change Component Footprint: Designator=R42 Old Footprint=0805-Resistor New Footprint=RESC1608X55N
Change Component Footprint: Designator=R43 Old Footprint=0805-Resistor New Footprint=RESC1608X55N
Change Component Footprint: Designator=R44 Old Footprint=0805-Resistor New Footprint=RESC1608X55N
Change Component Footprint: Designator=R45 Old Footprint=0805-Resistor New Footprint=RESC1608X55N
Change Component Footprint: Designator=R46 Old Footprint=0805-Resistor New Footprint=RESC1608X55N
Change Component Footprint: Designator=R47 Old Footprint=0805-Resistor New Footprint=RESC1608X55N
Change Component Footprint: Designator=R48 Old Footprint=0805-Resistor New Footprint=RESC1608X55N
Change Component Footprint: Designator=R49 Old Footprint=0805-Resistor New Footprint=RESC1608X55N
Change Component Footprint: Designator=R50 Old Footprint=0805-Resistor New Footprint=RESC1608X55N
Change Component Footprint: Designator=R51 Old Footprint=0805-Resistor New Footprint=RESC1608X55N
Change Component Footprint: Designator=R52 Old Footprint=0805-Resistor New Footprint=RESC1608X55N
Change Component Footprint: Designator=R53 Old Footprint=0805-Resistor New Footprint=RESC1608X55N
Change Component Footprint: Designator=R54 Old Footprint=0805-Resistor New Footprint=RESC1608X55N
Change Component Footprint: Designator=R55 Old Footprint=0805-Resistor New Footprint=RESC1608X55N
Change Component Footprint: Designator=R56 Old Footprint=0805-Resistor New Footprint=RESC1608X55N
Change Component Footprint: Designator=R57 Old Footprint=0805-Resistor New Footprint=RESC1608X55N
Change Component Footprint: Designator=R58 Old Footprint=0805-Resistor New Footprint=RESC1608X55N
Change Component Footprint: Designator=R59 Old Footprint=0805-Resistor New Footprint=RESC1608X55N
Change Component Footprint: Designator=R60 Old Footprint=0805-Resistor New Footprint=RESC1608X55N
Change Component Footprint: Designator=R61 Old Footprint=0805-Resistor New Footprint=RESC1608X55N
Change Component Footprint: Designator=R62 Old Footprint=0805-Resistor New Footprint=RESC1608X55N
Change Component Footprint: Designator=R63 Old Footprint=0805-Resistor New Footprint=RESC1608X55N
Change Component Footprint: Designator=R64 Old Footprint=0805-Resistor New Footprint=RESC1608X55N
Change Component Footprint: Designator=R65 Old Footprint=0805-Resistor New Footprint=RESC1608X55N
Change Component Footprint: Designator=R66 Old Footprint=0805-Resistor New Footprint=RESC1608X55N
Change Component Footprint: Designator=R67 Old Footprint=0805-Resistor New Footprint=RESC1608X55N
Change Component Footprint: Designator=R68 Old Footprint=0805-Resistor New Footprint=RESC1608X55N
Change Component Footprint: Designator=R69 Old Footprint=0805-Resistor New Footprint=RESC1608X55N
Change Component Footprint: Designator=R70 Old Footprint=0805-Resistor New Footprint=RESC1608X55N
Change Component Footprint: Designator=R71 Old Footprint=0805-Resistor New Footprint=RESC1608X55N
Change Component Footprint: Designator=R72 Old Footprint=0805-Resistor New Footprint=RESC1608X55N
Change Component Footprint: Designator=R73 Old Footprint=0805-Resistor New Footprint=RESC1608X55N
Change Component Footprint: Designator=R74 Old Footprint=0805-Resistor New Footprint=RESC1608X55N
Change Component Footprint: Designator=R75 Old Footprint=0805-Resistor New Footprint=RESC1608X55N
Change Component Footprint: Designator=R76 Old Footprint=0805-Resistor New Footprint=RESC1608X55N
Change Component Footprint: Designator=R77 Old Footprint=0805-Resistor New Footprint=RESC1608X55N
Change Component Footprint: Designator=R78 Old Footprint=0805-Resistor New Footprint=RESC1608X55N
Change Component Footprint: Designator=R91 Old Footprint=0805-Resistor New Footprint=RESC1608X55N
Change Component Footprint: Designator=R92 Old Footprint=0805-Resistor New Footprint=RESC1608X55N
Change Component Footprint: Designator=R93 Old Footprint=0805-Resistor New Footprint=RESC1608X55N
Change Component Footprint: Designator=R94 Old Footprint=0805-Resistor New Footprint=RESC1608X55N
Change Component Footprint: Designator=R95 Old Footprint=0805-Resistor New Footprint=RESC1608X55N
Change Component Footprint: Designator=R96 Old Footprint=0805-Resistor New Footprint=RESC1608X55N
Change Component Footprint: Designator=R97 Old Footprint=0805-Resistor New Footprint=RESC1608X55N
Change Component Footprint: Designator=R98 Old Footprint=0805-Resistor New Footprint=RESC1608X55N
Change Component Footprint: Designator=R99 Old Footprint=0805-Resistor New Footprint=RESC1608X55N
Change Component Footprint: Designator=R100 Old Footprint=0805-Resistor New Footprint=RESC1608X55N
Change Component Footprint: Designator=R101 Old Footprint=0805-Resistor New Footprint=RESC1608X55N
Change Component Footprint: Designator=R102 Old Footprint=0805-Resistor New Footprint=RESC1608X55N
Change Component Footprint: Designator=R103 Old Footprint=0805-Resistor New Footprint=RESC1608X55N
Change Component Footprint: Designator=R104 Old Footprint=0805-Resistor New Footprint=RESC1608X55N
Change Component Footprint: Designator=R105 Old Footprint=0805-Resistor New Footprint=RESC1608X55N
Change Component Footprint: Designator=R106 Old Footprint=0805-Resistor New Footprint=RESC1608X55N
Change Component Footprint: Designator=R107 Old Footprint=0805-Resistor New Footprint=RESC1608X55N
Change Component Footprint: Designator=R108 Old Footprint=0805-Resistor New Footprint=RESC1608X55N
Change Component Footprint: Designator=R109 Old Footprint=0805-Resistor New Footprint=RESC1608X55N
Change Component Footprint: Designator=R110 Old Footprint=0805-Resistor New Footprint=RESC1608X55N
Change Component Footprint: Designator=R111 Old Footprint=0805-Resistor New Footprint=RESC1608X55N
Change Component Footprint: Designator=R112 Old Footprint=0805-Resistor New Footprint=RESC1608X55N
Change Component Footprint: Designator=R113 Old Footprint=0805-Resistor New Footprint=RESC1608X55N
Change Component Footprint: Designator=R114 Old Footprint=0805-Resistor New Footprint=RESC1608X55N
Change Component Footprint: Designator=R115 Old Footprint=0805-Resistor New Footprint=RESC1608X55N
Change Component Footprint: Designator=R116 Old Footprint=0805-Resistor New Footprint=RESC1608X55N
Change Component Footprint: Designator=R117 Old Footprint=0805-Resistor New Footprint=RESC1608X55N
Change Component Footprint: Designator=R118 Old Footprint=0805-Resistor New Footprint=RESC1608X55N
Change Component Footprint: Designator=R119 Old Footprint=0805-Resistor New Footprint=RESC1608X55N
Change Component Footprint: Designator=R120 Old Footprint=0805-Resistor New Footprint=RESC1608X55N
Change Component Footprint: Designator=R121 Old Footprint=0805-Resistor New Footprint=RESC1608X55N
Change Component Footprint: Designator=R122 Old Footprint=0805-Resistor New Footprint=RESC1608X55N
Change Component Footprint: Designator=R123 Old Footprint=0805-Resistor New Footprint=RESC1608X55N
Change Component Footprint: Designator=R124 Old Footprint=0805-Resistor New Footprint=RESC1608X55N
Change Component Footprint: Designator=R125 Old Footprint=0805-Resistor New Footprint=RESC1608X55N
Change Component Footprint: Designator=R126 Old Footprint=0805-Resistor New Footprint=RESC1608X55N
Change Component Footprint: Designator=R127 Old Footprint=0805-Resistor New Footprint=RESC1608X55N
Change Component Footprint: Designator=R128 Old Footprint=0805-Resistor New Footprint=RESC1608X55N
Change Component Footprint: Designator=R129 Old Footprint=0805-Resistor New Footprint=RESC1608X55N
Change Component Footprint: Designator=R130 Old Footprint=0805-Resistor New Footprint=RESC1608X55N
Change Component Footprint: Designator=R131 Old Footprint=0805-Resistor New Footprint=RESC1608X55N
Change Component Footprint: Designator=R132 Old Footprint=0805-Resistor New Footprint=RESC1608X55N
Change Component Footprint: Designator=R133 Old Footprint=0805-Resistor New Footprint=RESC1608X55N
Change Component Footprint: Designator=R134 Old Footprint=0805-Resistor New Footprint=RESC1608X55N
Change Component Footprint: Designator=R135 Old Footprint=0805-Resistor New Footprint=RESC1608X55N
Change Component Footprint: Designator=R136 Old Footprint=0805-Resistor New Footprint=RESC1608X55N
Change Component Comment : Designator=R114 Old Comment=0 New Comment=CRCW060310K0FKEAC
Change Component Comment : Designator=R115 Old Comment=0 New Comment=CRCW060310K0FKEAC
Change Component Comment : Designator=R29 Old Comment=0R New Comment=CRCW060310K0FKEAC
Change Component Comment : Designator=R78 Old Comment=0R New Comment=CRCW060310K0FKEAC
Change Component Comment : Designator=R136 Old Comment=0R New Comment=CRCW060310K0FKEAC
Change Component Comment : Designator=R113 Old Comment=1k New Comment=CRCW060310K0FKEAC
Change Component Comment : Designator=R116 Old Comment=1k New Comment=CRCW060310K0FKEAC
Change Component Comment : Designator=R117 Old Comment=1k New Comment=CRCW060310K0FKEAC
Change Component Comment : Designator=R118 Old Comment=1k New Comment=CRCW060310K0FKEAC
Change Component Comment : Designator=R128 Old Comment=2M New Comment=CRCW060310K0FKEAC
Change Component Comment : Designator=R125 Old Comment=3.3k New Comment=CRCW060310K0FKEAC
Change Component Comment : Designator=R132 Old Comment=3.6M New Comment=CRCW060310K0FKEAC
Change Component Comment : Designator=R102 Old Comment=10k New Comment=CRCW060310K0FKEAC
Change Component Comment : Designator=R103 Old Comment=10k New Comment=CRCW060310K0FKEAC
Change Component Comment : Designator=R104 Old Comment=10k New Comment=CRCW060310K0FKEAC
Change Component Comment : Designator=R105 Old Comment=10k New Comment=CRCW060310K0FKEAC
Change Component Comment : Designator=R106 Old Comment=10k New Comment=CRCW060310K0FKEAC
Change Component Comment : Designator=R107 Old Comment=10k New Comment=CRCW060310K0FKEAC
Change Component Comment : Designator=R108 Old Comment=10k New Comment=CRCW060310K0FKEAC
Change Component Comment : Designator=R109 Old Comment=10k New Comment=CRCW060310K0FKEAC
Change Component Comment : Designator=R110 Old Comment=10k New Comment=CRCW060310K0FKEAC
Change Component Comment : Designator=R111 Old Comment=10k New Comment=CRCW060310K0FKEAC
Change Component Comment : Designator=R127 Old Comment=10k New Comment=CRCW060310K0FKEAC
Change Component Comment : Designator=R133 Old Comment=33k New Comment=CRCW060310K0FKEAC
Change Component Comment : Designator=R129 Old Comment=47k New Comment=CRCW060310K0FKEAC
Change Component Comment : Designator=R119 Old Comment=49.9R New Comment=CRCW060310K0FKEAC
Change Component Comment : Designator=R120 Old Comment=49.9R New Comment=CRCW060310K0FKEAC
Change Component Comment : Designator=R123 Old Comment=49.9R New Comment=CRCW060310K0FKEAC
Change Component Comment : Designator=R124 Old Comment=49.9R New Comment=CRCW060310K0FKEAC
Change Component Comment : Designator=R126 Old Comment=100k New Comment=CRCW060310K0FKEAC
Change Component Comment : Designator=R130 Old Comment=100k New Comment=CRCW060310K0FKEAC
Change Component Comment : Designator=R134 Old Comment=100k New Comment=CRCW060310K0FKEAC
Change Component Comment : Designator=R135 Old Comment=100k New Comment=CRCW060310K0FKEAC
Change Component Comment : Designator=R1 Old Comment=100R New Comment=CRCW060310K0FKEAC
Change Component Comment : Designator=R100 Old Comment=100R New Comment=CRCW060310K0FKEAC
Change Component Comment : Designator=R101 Old Comment=100R New Comment=CRCW060310K0FKEAC
Change Component Comment : Designator=R112 Old Comment=100R New Comment=CRCW060310K0FKEAC
Change Component Comment : Designator=R121 Old Comment=100R New Comment=CRCW060310K0FKEAC
Change Component Comment : Designator=R122 Old Comment=100R New Comment=CRCW060310K0FKEAC
Change Component Comment : Designator=R131 Old Comment=237R New Comment=CRCW060310K0FKEAC
Change Component Comment : Designator=R17 Old Comment=475R New Comment=475
Change Component Comment : Designator=R18 Old Comment=475R New Comment=475
Change Component Comment : Designator=R19 Old Comment=475R New Comment=475
Change Component Comment : Designator=R20 Old Comment=475R New Comment=475
Change Component Comment : Designator=R21 Old Comment=475R New Comment=475
Change Component Comment : Designator=R22 Old Comment=475R New Comment=475
Change Component Comment : Designator=R23 Old Comment=475R New Comment=475
Change Component Comment : Designator=R24 Old Comment=475R New Comment=475
Change Component Comment : Designator=R25 Old Comment=475R New Comment=475
Change Component Comment : Designator=R26 Old Comment=475R New Comment=475
Change Component Comment : Designator=R27 Old Comment=475R New Comment=475
Change Component Comment : Designator=R28 Old Comment=475R New Comment=475
Change Component Comment : Designator=R66 Old Comment=475R New Comment=475
Change Component Comment : Designator=R67 Old Comment=475R New Comment=475
Change Component Comment : Designator=R68 Old Comment=475R New Comment=475
Change Component Comment : Designator=R69 Old Comment=475R New Comment=475
Change Component Comment : Designator=R70 Old Comment=475R New Comment=475
Change Component Comment : Designator=R71 Old Comment=475R New Comment=475
Change Component Comment : Designator=R72 Old Comment=475R New Comment=475
Change Component Comment : Designator=R73 Old Comment=475R New Comment=475
Change Component Comment : Designator=R74 Old Comment=475R New Comment=475
Change Component Comment : Designator=R75 Old Comment=475R New Comment=475
Change Component Comment : Designator=R76 Old Comment=475R New Comment=475
Change Component Comment : Designator=R77 Old Comment=475R New Comment=475
