Added Component: Designator=P1(34826-0125)
Add component. Clean all parameters for all variants
Added Component: Designator=P2(34826-0160)
Add component. Clean all parameters for all variants
Added Pin To Net: NetName=CELL_UF_2 Pin=P1-1
Added Pin To Net: NetName=CELL_UF_3 Pin=P1-2
Added Pin To Net: NetName=CELL_UF_8 Pin=P1-3
Added Pin To Net: NetName=CELL_UF_9 Pin=P1-4
Added Pin To Net: NetName=CELL_UF_1 Pin=P1-5
Added Pin To Net: NetName=CELL_UF_0 Pin=P1-6
Added Pin To Net: NetName=CELL_UF_4 Pin=P1-7
Added Pin To Net: NetName=CELL_UF_5 Pin=P1-8
Added Pin To Net: NetName=CELL_UF_6 Pin=P1-9
Added Pin To Net: NetName=CELL_UF_7 Pin=P1-10
Added Pin To Net: NetName=CELL_UF_11 Pin=P1-11
Added Pin To Net: NetName=CELL_UF_10 Pin=P1-12
Added Pin To Net: NetName=CELL_UF_14 Pin=P2-1
Added Pin To Net: NetName=CELL_UF_15 Pin=P2-2
Added Pin To Net: NetName=CELL_UF_16 Pin=P2-3
Added Pin To Net: NetName=CELL_UF_21 Pin=P2-4
Added Pin To Net: NetName=CELL_UF_22 Pin=P2-5
Added Pin To Net: NetName=CELL_UF_23 Pin=P2-6
Added Pin To Net: NetName=CELL_UF_13 Pin=P2-7
Added Pin To Net: NetName=CELL_UF_12 Pin=P2-8
Added Pin To Net: NetName=GNDB Pin=P2-9
Added Pin To Net: NetName=CELL_UF_17 Pin=P2-10
Added Pin To Net: NetName=CELL_UF_18 Pin=P2-11
Added Pin To Net: NetName=CELL_UF_19 Pin=P2-12
Added Pin To Net: NetName=CELL_UF_20 Pin=P2-13
Added Pin To Net: NetName=GNDB Pin=P2-14
Added Pin To Net: NetName=GNDB Pin=P2-15
Added Pin To Net: NetName=CELL_UF_24 Pin=P2-16
Added Member To Class: ClassName=BMS_Slave Member=Component P1 Molex 12ckt Connector
Added Member To Class: ClassName=BMS_Slave Member=Component P2 Molex 16ckt Connector
