Change Component Footprint: Designator=C25 Old Footprint=CAPC1608X85N New Footprint=CAPC2012X98N
Change Component Footprint: Designator=C26 Old Footprint=CAPC1608X85N New Footprint=CAPC2012X98N
Change Component Footprint: Designator=C27 Old Footprint=CAPC1608X85N New Footprint=CAPC2012X98N
Change Component Footprint: Designator=C28 Old Footprint=CAPC1608X85N New Footprint=CAPC2012X98N
Change Component Footprint: Designator=C29 Old Footprint=CAPC1608X85N New Footprint=CAPC2012X98N
Change Component Footprint: Designator=C30 Old Footprint=CAPC1608X85N New Footprint=CAPC2012X98N
Change Component Footprint: Designator=C31 Old Footprint=CAPC1608X85N New Footprint=CAPC2012X98N
Change Component Footprint: Designator=C32 Old Footprint=CAPC1608X85N New Footprint=CAPC2012X98N
Change Component Footprint: Designator=C33 Old Footprint=CAPC1608X85N New Footprint=CAPC2012X98N
Change Component Footprint: Designator=C34 Old Footprint=CAPC1608X85N New Footprint=CAPC2012X98N
Change Component Footprint: Designator=C35 Old Footprint=CAPC1608X85N New Footprint=CAPC2012X98N
Change Component Footprint: Designator=C36 Old Footprint=CAPC1608X85N New Footprint=CAPC2012X98N
Change Component Footprint: Designator=C37 Old Footprint=CAPC1608X85N New Footprint=CAPC2012X98N
Change Component Footprint: Designator=C38 Old Footprint=CAPC1608X85N New Footprint=CAPC2012X98N
Change Component Footprint: Designator=C39 Old Footprint=CAPC1608X85N New Footprint=CAPC2012X98N
Change Component Footprint: Designator=C40 Old Footprint=CAPC1608X85N New Footprint=CAPC2012X98N
Change Component Footprint: Designator=C41 Old Footprint=CAPC1608X85N New Footprint=CAPC2012X98N
Change Component Footprint: Designator=C42 Old Footprint=CAPC1608X85N New Footprint=CAPC2012X98N
Change Component Footprint: Designator=C43 Old Footprint=CAPC1608X85N New Footprint=CAPC2012X98N
Change Component Footprint: Designator=C44 Old Footprint=CAPC1608X85N New Footprint=CAPC2012X98N
Change Component Footprint: Designator=C45 Old Footprint=CAPC1608X85N New Footprint=CAPC2012X98N
Change Component Footprint: Designator=C46 Old Footprint=CAPC1608X85N New Footprint=CAPC2012X98N
Change Component Footprint: Designator=C47 Old Footprint=CAPC1608X85N New Footprint=CAPC2012X98N
Change Component Footprint: Designator=C48 Old Footprint=CAPC1608X85N New Footprint=CAPC2012X98N
Change Component Footprint: Designator=C49 Old Footprint=CAPC1608X85N New Footprint=CAPC2012X98N
Change Component Footprint: Designator=C50 Old Footprint=CAPC1608X85N New Footprint=CAPC2012X98N
Change Component Footprint: Designator=C51 Old Footprint=CAPC1608X85N New Footprint=CAPC2012X98N
Change Component Footprint: Designator=C65 Old Footprint=CAPC1608X85N New Footprint=CAPC2012X98N
Change Component Footprint: Designator=C69 Old Footprint=CAPC1608X85N New Footprint=CAPC2012X98N
Change Component Footprint: Designator=C70 Old Footprint=CAPC1608X85N New Footprint=CAPC2012X98N
Change Component Footprint: Designator=C71 Old Footprint=CAPC1608X85N New Footprint=CAPC2012X98N
Change Component Footprint: Designator=C72 Old Footprint=CAPC1608X85N New Footprint=CAPC2012X98N
Change Component Footprint: Designator=C73 Old Footprint=CAPC1608X85N New Footprint=CAPC2012X98N
Change Component Footprint: Designator=C1 Old Footprint=CAPC1608X85N New Footprint=CAPC2012X140N
Change Component Footprint: Designator=C2 Old Footprint=CAPC1608X85N New Footprint=CAPC2012X140N
Change Component Footprint: Designator=C3 Old Footprint=CAPC1608X85N New Footprint=CAPC2012X140N
Change Component Footprint: Designator=C4 Old Footprint=CAPC1608X85N New Footprint=CAPC2012X140N
Change Component Footprint: Designator=C5 Old Footprint=CAPC1608X85N New Footprint=CAPC2012X140N
Change Component Footprint: Designator=C6 Old Footprint=CAPC1608X85N New Footprint=CAPC2012X140N
Change Component Footprint: Designator=C7 Old Footprint=CAPC1608X85N New Footprint=CAPC2012X140N
Change Component Footprint: Designator=C8 Old Footprint=CAPC1608X85N New Footprint=CAPC2012X140N
Change Component Footprint: Designator=C9 Old Footprint=CAPC1608X85N New Footprint=CAPC2012X140N
Change Component Footprint: Designator=C10 Old Footprint=CAPC1608X85N New Footprint=CAPC2012X140N
Change Component Footprint: Designator=C11 Old Footprint=CAPC1608X85N New Footprint=CAPC2012X140N
Change Component Footprint: Designator=C12 Old Footprint=CAPC1608X85N New Footprint=CAPC2012X140N
Change Component Footprint: Designator=C13 Old Footprint=CAPC1608X85N New Footprint=CAPC2012X140N
Change Component Footprint: Designator=C14 Old Footprint=CAPC1608X85N New Footprint=CAPC2012X140N
Change Component Footprint: Designator=C15 Old Footprint=CAPC1608X85N New Footprint=CAPC2012X140N
Change Component Footprint: Designator=C16 Old Footprint=CAPC1608X85N New Footprint=CAPC2012X140N
Change Component Footprint: Designator=C17 Old Footprint=CAPC1608X85N New Footprint=CAPC2012X140N
Change Component Footprint: Designator=C18 Old Footprint=CAPC1608X85N New Footprint=CAPC2012X140N
Change Component Footprint: Designator=C19 Old Footprint=CAPC1608X85N New Footprint=CAPC2012X140N
Change Component Footprint: Designator=C20 Old Footprint=CAPC1608X85N New Footprint=CAPC2012X140N
Change Component Footprint: Designator=C21 Old Footprint=CAPC1608X85N New Footprint=CAPC2012X140N
Change Component Footprint: Designator=C22 Old Footprint=CAPC1608X85N New Footprint=CAPC2012X140N
Change Component Footprint: Designator=C23 Old Footprint=CAPC1608X85N New Footprint=CAPC2012X140N
Change Component Footprint: Designator=C24 Old Footprint=CAPC1608X85N New Footprint=CAPC2012X140N
Change Component Footprint: Designator=C76 Old Footprint=CAPC3225X270N New Footprint=CAPC5750X165N
Change Component Footprint: Designator=R1 Old Footprint=RESC1608X55N New Footprint=0805-Resistor
Change Component Footprint: Designator=R2 Old Footprint=RESC1608X55N New Footprint=0805-Resistor
Change Component Footprint: Designator=R3 Old Footprint=RESC1608X55N New Footprint=0805-Resistor
Change Component Footprint: Designator=R4 Old Footprint=RESC1608X55N New Footprint=0805-Resistor
Change Component Footprint: Designator=R5 Old Footprint=RESC1608X55N New Footprint=0805-Resistor
Change Component Footprint: Designator=R6 Old Footprint=RESC1608X55N New Footprint=0805-Resistor
Change Component Footprint: Designator=R7 Old Footprint=RESC1608X55N New Footprint=0805-Resistor
Change Component Footprint: Designator=R8 Old Footprint=RESC1608X55N New Footprint=0805-Resistor
Change Component Footprint: Designator=R9 Old Footprint=RESC1608X55N New Footprint=0805-Resistor
Change Component Footprint: Designator=R10 Old Footprint=RESC1608X55N New Footprint=0805-Resistor
Change Component Footprint: Designator=R11 Old Footprint=RESC1608X55N New Footprint=0805-Resistor
Change Component Footprint: Designator=R12 Old Footprint=RESC1608X55N New Footprint=0805-Resistor
Change Component Footprint: Designator=R13 Old Footprint=RESC1608X55N New Footprint=0805-Resistor
Change Component Footprint: Designator=R14 Old Footprint=RESC1608X55N New Footprint=0805-Resistor
Change Component Footprint: Designator=R15 Old Footprint=RESC1608X55N New Footprint=0805-Resistor
Change Component Footprint: Designator=R16 Old Footprint=RESC1608X55N New Footprint=0805-Resistor
Change Component Footprint: Designator=R17 Old Footprint=RESC1608X55N New Footprint=0805-Resistor
Change Component Footprint: Designator=R18 Old Footprint=RESC1608X55N New Footprint=0805-Resistor
Change Component Footprint: Designator=R19 Old Footprint=RESC1608X55N New Footprint=0805-Resistor
Change Component Footprint: Designator=R20 Old Footprint=RESC1608X55N New Footprint=0805-Resistor
Change Component Footprint: Designator=R21 Old Footprint=RESC1608X55N New Footprint=0805-Resistor
Change Component Footprint: Designator=R22 Old Footprint=RESC1608X55N New Footprint=0805-Resistor
Change Component Footprint: Designator=R23 Old Footprint=RESC1608X55N New Footprint=0805-Resistor
Change Component Footprint: Designator=R24 Old Footprint=RESC1608X55N New Footprint=0805-Resistor
Change Component Footprint: Designator=R25 Old Footprint=RESC1608X55N New Footprint=0805-Resistor
Change Component Footprint: Designator=R26 Old Footprint=RESC1608X55N New Footprint=0805-Resistor
Change Component Footprint: Designator=R27 Old Footprint=RESC1608X55N New Footprint=0805-Resistor
Change Component Footprint: Designator=R28 Old Footprint=RESC1608X55N New Footprint=0805-Resistor
Change Component Footprint: Designator=R29 Old Footprint=RESC1608X55N New Footprint=0805-Resistor
Change Component Footprint: Designator=R42 Old Footprint=RESC1608X55N New Footprint=0805-Resistor
Change Component Footprint: Designator=R43 Old Footprint=RESC1608X55N New Footprint=0805-Resistor
Change Component Footprint: Designator=R44 Old Footprint=RESC1608X55N New Footprint=0805-Resistor
Change Component Footprint: Designator=R45 Old Footprint=RESC1608X55N New Footprint=0805-Resistor
Change Component Footprint: Designator=R46 Old Footprint=RESC1608X55N New Footprint=0805-Resistor
Change Component Footprint: Designator=R47 Old Footprint=RESC1608X55N New Footprint=0805-Resistor
Change Component Footprint: Designator=R48 Old Footprint=RESC1608X55N New Footprint=0805-Resistor
Change Component Footprint: Designator=R49 Old Footprint=RESC1608X55N New Footprint=0805-Resistor
Change Component Footprint: Designator=R50 Old Footprint=RESC1608X55N New Footprint=0805-Resistor
Change Component Footprint: Designator=R51 Old Footprint=RESC1608X55N New Footprint=0805-Resistor
Change Component Footprint: Designator=R52 Old Footprint=RESC1608X55N New Footprint=0805-Resistor
Change Component Footprint: Designator=R53 Old Footprint=RESC1608X55N New Footprint=0805-Resistor
Change Component Footprint: Designator=R54 Old Footprint=RESC1608X55N New Footprint=0805-Resistor
Change Component Footprint: Designator=R55 Old Footprint=RESC1608X55N New Footprint=0805-Resistor
Change Component Footprint: Designator=R56 Old Footprint=RESC1608X55N New Footprint=0805-Resistor
Change Component Footprint: Designator=R57 Old Footprint=RESC1608X55N New Footprint=0805-Resistor
Change Component Footprint: Designator=R58 Old Footprint=RESC1608X55N New Footprint=0805-Resistor
Change Component Footprint: Designator=R59 Old Footprint=RESC1608X55N New Footprint=0805-Resistor
Change Component Footprint: Designator=R60 Old Footprint=RESC1608X55N New Footprint=0805-Resistor
Change Component Footprint: Designator=R61 Old Footprint=RESC1608X55N New Footprint=0805-Resistor
Change Component Footprint: Designator=R62 Old Footprint=RESC1608X55N New Footprint=0805-Resistor
Change Component Footprint: Designator=R63 Old Footprint=RESC1608X55N New Footprint=0805-Resistor
Change Component Footprint: Designator=R64 Old Footprint=RESC1608X55N New Footprint=0805-Resistor
Change Component Footprint: Designator=R65 Old Footprint=RESC1608X55N New Footprint=0805-Resistor
Change Component Footprint: Designator=R66 Old Footprint=RESC1608X55N New Footprint=0805-Resistor
Change Component Footprint: Designator=R67 Old Footprint=RESC1608X55N New Footprint=0805-Resistor
Change Component Footprint: Designator=R68 Old Footprint=RESC1608X55N New Footprint=0805-Resistor
Change Component Footprint: Designator=R69 Old Footprint=RESC1608X55N New Footprint=0805-Resistor
Change Component Footprint: Designator=R70 Old Footprint=RESC1608X55N New Footprint=0805-Resistor
Change Component Footprint: Designator=R71 Old Footprint=RESC1608X55N New Footprint=0805-Resistor
Change Component Footprint: Designator=R72 Old Footprint=RESC1608X55N New Footprint=0805-Resistor
Change Component Footprint: Designator=R73 Old Footprint=RESC1608X55N New Footprint=0805-Resistor
Change Component Footprint: Designator=R74 Old Footprint=RESC1608X55N New Footprint=0805-Resistor
Change Component Footprint: Designator=R75 Old Footprint=RESC1608X55N New Footprint=0805-Resistor
Change Component Footprint: Designator=R76 Old Footprint=RESC1608X55N New Footprint=0805-Resistor
Change Component Footprint: Designator=R77 Old Footprint=RESC1608X55N New Footprint=0805-Resistor
Change Component Footprint: Designator=R78 Old Footprint=RESC1608X55N New Footprint=0805-Resistor
Change Component Footprint: Designator=R91 Old Footprint=RESC1608X55N New Footprint=0805-Resistor
Change Component Footprint: Designator=R92 Old Footprint=RESC1608X55N New Footprint=0805-Resistor
Change Component Footprint: Designator=R93 Old Footprint=RESC1608X55N New Footprint=0805-Resistor
Change Component Footprint: Designator=R94 Old Footprint=RESC1608X55N New Footprint=0805-Resistor
Change Component Footprint: Designator=R95 Old Footprint=RESC1608X55N New Footprint=0805-Resistor
Change Component Footprint: Designator=R96 Old Footprint=RESC1608X55N New Footprint=0805-Resistor
Change Component Footprint: Designator=R97 Old Footprint=RESC1608X55N New Footprint=0805-Resistor
Change Component Footprint: Designator=R98 Old Footprint=RESC1608X55N New Footprint=0805-Resistor
Change Component Footprint: Designator=R99 Old Footprint=RESC1608X55N New Footprint=0805-Resistor
Change Component Footprint: Designator=R100 Old Footprint=RESC1608X55N New Footprint=0805-Resistor
Change Component Footprint: Designator=R101 Old Footprint=RESC1608X55N New Footprint=0805-Resistor
Change Component Footprint: Designator=R102 Old Footprint=RESC1608X55N New Footprint=0805-Resistor
Change Component Footprint: Designator=R103 Old Footprint=RESC1608X55N New Footprint=0805-Resistor
Change Component Footprint: Designator=R104 Old Footprint=RESC1608X55N New Footprint=0805-Resistor
Change Component Footprint: Designator=R105 Old Footprint=RESC1608X55N New Footprint=0805-Resistor
Change Component Footprint: Designator=R106 Old Footprint=RESC1608X55N New Footprint=0805-Resistor
Change Component Footprint: Designator=R107 Old Footprint=RESC1608X55N New Footprint=0805-Resistor
Change Component Footprint: Designator=R108 Old Footprint=RESC1608X55N New Footprint=0805-Resistor
Change Component Footprint: Designator=R109 Old Footprint=RESC1608X55N New Footprint=0805-Resistor
Change Component Footprint: Designator=R110 Old Footprint=RESC1608X55N New Footprint=0805-Resistor
Change Component Footprint: Designator=R111 Old Footprint=RESC1608X55N New Footprint=0805-Resistor
Change Component Footprint: Designator=R112 Old Footprint=RESC1608X55N New Footprint=0805-Resistor
Change Component Footprint: Designator=R113 Old Footprint=RESC1608X55N New Footprint=0805-Resistor
Change Component Footprint: Designator=R114 Old Footprint=RESC1608X55N New Footprint=0805-Resistor
Change Component Footprint: Designator=R115 Old Footprint=RESC1608X55N New Footprint=0805-Resistor
Change Component Footprint: Designator=R116 Old Footprint=RESC1608X55N New Footprint=0805-Resistor
Change Component Footprint: Designator=R117 Old Footprint=RESC1608X55N New Footprint=0805-Resistor
Change Component Footprint: Designator=R118 Old Footprint=RESC1608X55N New Footprint=0805-Resistor
Change Component Footprint: Designator=R119 Old Footprint=RESC1608X55N New Footprint=0805-Resistor
Change Component Footprint: Designator=R120 Old Footprint=RESC1608X55N New Footprint=0805-Resistor
Change Component Footprint: Designator=R121 Old Footprint=RESC1608X55N New Footprint=0805-Resistor
Change Component Footprint: Designator=R122 Old Footprint=RESC1608X55N New Footprint=0805-Resistor
Change Component Footprint: Designator=R123 Old Footprint=RESC1608X55N New Footprint=0805-Resistor
Change Component Footprint: Designator=R124 Old Footprint=RESC1608X55N New Footprint=0805-Resistor
Change Component Footprint: Designator=R125 Old Footprint=RESC1608X55N New Footprint=0805-Resistor
Change Component Footprint: Designator=R126 Old Footprint=RESC1608X55N New Footprint=0805-Resistor
Change Component Footprint: Designator=R127 Old Footprint=RESC1608X55N New Footprint=0805-Resistor
Change Component Footprint: Designator=R128 Old Footprint=RESC1608X55N New Footprint=0805-Resistor
Change Component Footprint: Designator=R129 Old Footprint=RESC1608X55N New Footprint=0805-Resistor
Change Component Footprint: Designator=R130 Old Footprint=RESC1608X55N New Footprint=0805-Resistor
Change Component Footprint: Designator=R131 Old Footprint=RESC1608X55N New Footprint=0805-Resistor
Change Component Footprint: Designator=R132 Old Footprint=RESC1608X55N New Footprint=0805-Resistor
Change Component Footprint: Designator=R133 Old Footprint=RESC1608X55N New Footprint=0805-Resistor
Change Component Footprint: Designator=R134 Old Footprint=RESC1608X55N New Footprint=0805-Resistor
Change Component Footprint: Designator=R135 Old Footprint=RESC1608X55N New Footprint=0805-Resistor
Change Component Footprint: Designator=R136 Old Footprint=RESC1608X55N New Footprint=0805-Resistor
Change Component Comment: Designator=C25 Old Comment=200V, 0.01uF, 0603, X7R New Comment=C0805X103M2RACAUTO
Change Component Comment: Designator=C26 Old Comment=200V, 0.01uF, 0603, X7R New Comment=C0805X103M2RACAUTO
Change Component Comment: Designator=C27 Old Comment=200V, 0.01uF, 0603, X7R New Comment=C0805X103M2RACAUTO
Change Component Comment: Designator=C28 Old Comment=200V, 0.01uF, 0603, X7R New Comment=C0805X103M2RACAUTO
Change Component Comment: Designator=C29 Old Comment=200V, 0.01uF, 0603, X7R New Comment=C0805X103M2RACAUTO
Change Component Comment: Designator=C30 Old Comment=200V, 0.01uF, 0603, X7R New Comment=C0805X103M2RACAUTO
Change Component Comment: Designator=C31 Old Comment=200V, 0.01uF, 0603, X7R New Comment=C0805X103M2RACAUTO
Change Component Comment: Designator=C32 Old Comment=200V, 0.01uF, 0603, X7R New Comment=C0805X103M2RACAUTO
Change Component Comment: Designator=C33 Old Comment=200V, 0.01uF, 0603, X7R New Comment=C0805X103M2RACAUTO
Change Component Comment: Designator=C34 Old Comment=200V, 0.01uF, 0603, X7R New Comment=C0805X103M2RACAUTO
Change Component Comment: Designator=C35 Old Comment=200V, 0.01uF, 0603, X7R New Comment=C0805X103M2RACAUTO
Change Component Comment: Designator=C36 Old Comment=200V, 0.01uF, 0603, X7R New Comment=C0805X103M2RACAUTO
Change Component Comment: Designator=C37 Old Comment=200V, 0.01uF, 0603, X7R New Comment=C0805X103M2RACAUTO
Change Component Comment: Designator=C38 Old Comment=200V, 0.01uF, 0603, X7R New Comment=C0805X103M2RACAUTO
Change Component Comment: Designator=C39 Old Comment=200V, 0.01uF, 0603, X7R New Comment=C0805X103M2RACAUTO
Change Component Comment: Designator=C40 Old Comment=200V, 0.01uF, 0603, X7R New Comment=C0805X103M2RACAUTO
Change Component Comment: Designator=C41 Old Comment=200V, 0.01uF, 0603, X7R New Comment=C0805X103M2RACAUTO
Change Component Comment: Designator=C42 Old Comment=200V, 0.01uF, 0603, X7R New Comment=C0805X103M2RACAUTO
Change Component Comment: Designator=C43 Old Comment=200V, 0.01uF, 0603, X7R New Comment=C0805X103M2RACAUTO
Change Component Comment: Designator=C44 Old Comment=200V, 0.01uF, 0603, X7R New Comment=C0805X103M2RACAUTO
Change Component Comment: Designator=C45 Old Comment=200V, 0.01uF, 0603, X7R New Comment=C0805X103M2RACAUTO
Change Component Comment: Designator=C46 Old Comment=200V, 0.01uF, 0603, X7R New Comment=C0805X103M2RACAUTO
Change Component Comment: Designator=C47 Old Comment=200V, 0.01uF, 0603, X7R New Comment=C0805X103M2RACAUTO
Change Component Comment: Designator=C48 Old Comment=200V, 0.01uF, 0603, X7R New Comment=C0805X103M2RACAUTO
Change Component Comment: Designator=C49 Old Comment=200V, 0.01uF, 0603, X7R New Comment=C0805X103M2RACAUTO
Change Component Comment: Designator=C50 Old Comment=200V, 0.01uF, 0603, X7R New Comment=C0805X103M2RACAUTO
Change Component Comment: Designator=C51 Old Comment=200V, 0.01uF, 0603, X7R New Comment=C0805X103M2RACAUTO
Change Component Comment: Designator=C65 Old Comment=200V, 0.01uF, 0603, X7R New Comment=C0805X103M2RACAUTO
Change Component Comment: Designator=C69 Old Comment=200V, 0.01uF, 0603, X7R New Comment=C0805X103M2RACAUTO
Change Component Comment: Designator=C70 Old Comment=200V, 0.01uF, 0603, X7R New Comment=C0805X103M2RACAUTO
Change Component Comment: Designator=C71 Old Comment=200V, 0.01uF, 0603, X7R New Comment=C0805X103M2RACAUTO
Change Component Comment: Designator=C72 Old Comment=200V, 0.01uF, 0603, X7R New Comment=C0805X103M2RACAUTO
Change Component Comment: Designator=C73 Old Comment=200V, 0.01uF, 0603, X7R New Comment=C0805X103M2RACAUTO
Change Component Comment: Designator=C1 Old Comment=C0603C104K3RACTU New Comment=C0805C104M3RACTU
Change Component Comment: Designator=C2 Old Comment=C0603C104K3RACTU New Comment=C0805C104M3RACTU
Change Component Comment: Designator=C3 Old Comment=C0603C104K3RACTU New Comment=C0805C104M3RACTU
Change Component Comment: Designator=C4 Old Comment=C0603C104K3RACTU New Comment=C0805C104M3RACTU
Change Component Comment: Designator=C5 Old Comment=C0603C104K3RACTU New Comment=C0805C104M3RACTU
Change Component Comment: Designator=C6 Old Comment=C0603C104K3RACTU New Comment=C0805C104M3RACTU
Change Component Comment: Designator=C7 Old Comment=C0603C104K3RACTU New Comment=C0805C104M3RACTU
Change Component Comment: Designator=C8 Old Comment=C0603C104K3RACTU New Comment=C0805C104M3RACTU
Change Component Comment: Designator=C9 Old Comment=C0603C104K3RACTU New Comment=C0805C104M3RACTU
Change Component Comment: Designator=C10 Old Comment=C0603C104K3RACTU New Comment=C0805C104M3RACTU
Change Component Comment: Designator=C11 Old Comment=C0603C104K3RACTU New Comment=C0805C104M3RACTU
Change Component Comment: Designator=C12 Old Comment=C0603C104K3RACTU New Comment=C0805C104M3RACTU
Change Component Comment: Designator=C13 Old Comment=C0603C104K3RACTU New Comment=C0805C104M3RACTU
Change Component Comment: Designator=C14 Old Comment=C0603C104K3RACTU New Comment=C0805C104M3RACTU
Change Component Comment: Designator=C15 Old Comment=C0603C104K3RACTU New Comment=C0805C104M3RACTU
Change Component Comment: Designator=C16 Old Comment=C0603C104K3RACTU New Comment=C0805C104M3RACTU
Change Component Comment: Designator=C17 Old Comment=C0603C104K3RACTU New Comment=C0805C104M3RACTU
Change Component Comment: Designator=C18 Old Comment=C0603C104K3RACTU New Comment=C0805C104M3RACTU
Change Component Comment: Designator=C19 Old Comment=C0603C104K3RACTU New Comment=C0805C104M3RACTU
Change Component Comment: Designator=C20 Old Comment=C0603C104K3RACTU New Comment=C0805C104M3RACTU
Change Component Comment: Designator=C21 Old Comment=C0603C104K3RACTU New Comment=C0805C104M3RACTU
Change Component Comment: Designator=C22 Old Comment=C0603C104K3RACTU New Comment=C0805C104M3RACTU
Change Component Comment: Designator=C23 Old Comment=C0603C104K3RACTU New Comment=C0805C104M3RACTU
Change Component Comment: Designator=C24 Old Comment=C0603C104K3RACTU New Comment=C0805C104M3RACTU
Change Component Comment: Designator=C76 Old Comment=GRM32ER61A107ME20L New Comment=C2220C105KARACAUTO
