Removed Pin From Net: NetName=GNDA Pin=BRD1-1
Removed Pin From Net: NetName=GNDA Pin=BRD1-11
Removed Pin From Net: NetName=GNDA Pin=BRD1-20
Removed Pin From Net: NetName=GNDA Pin=BRD1-30
Removed Pin From Net: NetName=GNDA Pin=BRD1-34
Removed Pin From Net: NetName=GNDA Pin=BRD1-37
Removed Pin From Net: NetName=GNDA Pin=BRD1-42
Removed Pin From Net: NetName=GNDA Pin=BRD1-56
Removed Pin From Net: NetName=GNDA Pin=BRD1-66
Removed Pin From Net: NetName=GNDA Pin=C49-2
Removed Pin From Net: NetName=GNDA Pin=C74-2
Removed Pin From Net: NetName=GNDA Pin=C75-2
Removed Pin From Net: NetName=GNDA Pin=C76-2
Removed Pin From Net: NetName=GNDA Pin=C102-2
Removed Pin From Net: NetName=GNDA Pin=C103-2
Removed Pin From Net: NetName=GNDA Pin=C104-2
Removed Pin From Net: NetName=GNDA Pin=C105-2
Removed Pin From Net: NetName=GNDA Pin=C106-2
Removed Pin From Net: NetName=GNDA Pin=C107-2
Removed Pin From Net: NetName=GNDA Pin=C108-2
Removed Pin From Net: NetName=GNDA Pin=C109-2
Removed Pin From Net: NetName=GNDA Pin=C110-2
Removed Pin From Net: NetName=GNDA Pin=C111-2
Removed Pin From Net: NetName=GNDA Pin=C112-2
Removed Pin From Net: NetName=CELL24 Pin=D51-2
Removed Pin From Net: NetName=GNDA Pin=J3-A4
Removed Pin From Net: NetName=GNDA Pin=J4-3
Removed Pin From Net: NetName=GNDA Pin=J4-5
Removed Pin From Net: NetName=GNDA Pin=J5-8
Removed Pin From Net: NetName=GNDA Pin=J6-1
Removed Pin From Net: NetName=GNDA Pin=J6-11
Removed Pin From Net: NetName=GNDA Pin=J6-20
Removed Pin From Net: NetName=GNDA Pin=J7-12
Removed Pin From Net: NetName=GNDA Pin=J7-26
Removed Pin From Net: NetName=GNDA Pin=J7-29
Removed Pin From Net: NetName=GNDA Pin=R129-1
Removed Pin From Net: NetName=GNDA Pin=R130-1
Removed Pin From Net: NetName=GNDA Pin=R133-1
Removed Pin From Net: NetName=GNDA Pin=R134-1
Removed Pin From Net: NetName=GNDA Pin=R137-1
Removed Pin From Net: NetName=GNDA Pin=U1-40
Removed Pin From Net: NetName=GNDA Pin=U3-6
Removed Pin From Net: NetName=GNDA Pin=U3-7
Removed Pin From Net: NetName=GNDA Pin=U3-8
Removed Pin From Net: NetName=GNDA Pin=U3-17
Removed Pin From Net: NetName=GNDA Pin=U4-2
Removed Member From Class: ClassName=BMS_Slave Member=BRD1
Removed Member From Class: ClassName=BMS_Slave Member=C49
Removed Member From Class: ClassName=BMS_Slave Member=C74
Removed Member From Class: ClassName=BMS_Slave Member=C75
Removed Member From Class: ClassName=BMS_Slave Member=C76
Removed Member From Class: ClassName=BMS_Slave Member=C102
Removed Member From Class: ClassName=BMS_Slave Member=C103
Removed Member From Class: ClassName=BMS_Slave Member=C104
Removed Member From Class: ClassName=BMS_Slave Member=C105
Removed Member From Class: ClassName=BMS_Slave Member=C106
Removed Member From Class: ClassName=BMS_Slave Member=C107
Removed Member From Class: ClassName=BMS_Slave Member=C108
Removed Member From Class: ClassName=BMS_Slave Member=C109
Removed Member From Class: ClassName=BMS_Slave Member=C110
Removed Member From Class: ClassName=BMS_Slave Member=C111
Removed Member From Class: ClassName=BMS_Slave Member=C112
Removed Member From Class: ClassName=BMS_Slave Member=D51
Removed Member From Class: ClassName=BMS_Slave Member=D52
Removed Member From Class: ClassName=BMS_Slave Member=J3
Removed Member From Class: ClassName=BMS_Slave Member=J4
Removed Member From Class: ClassName=BMS_Slave Member=J5
Removed Member From Class: ClassName=BMS_Slave Member=J6
Removed Member From Class: ClassName=BMS_Slave Member=J7
Removed Member From Class: ClassName=BMS_Slave Member=L1
Removed Member From Class: ClassName=BMS_Slave Member=R114*
Removed Member From Class: ClassName=BMS_Slave Member=R114
Removed Member From Class: ClassName=BMS_Slave Member=R115
Removed Member From Class: ClassName=BMS_Slave Member=R125
Removed Member From Class: ClassName=BMS_Slave Member=R126
Removed Member From Class: ClassName=BMS_Slave Member=R127
Removed Member From Class: ClassName=BMS_Slave Member=R128
Removed Member From Class: ClassName=BMS_Slave Member=R129
Removed Member From Class: ClassName=BMS_Slave Member=R130
Removed Member From Class: ClassName=BMS_Slave Member=R131
Removed Member From Class: ClassName=BMS_Slave Member=R132
Removed Member From Class: ClassName=BMS_Slave Member=R133
Removed Member From Class: ClassName=BMS_Slave Member=R134
Removed Member From Class: ClassName=BMS_Slave Member=R135
Removed Member From Class: ClassName=BMS_Slave Member=R136
Removed Member From Class: ClassName=BMS_Slave Member=R137
Removed Member From Class: ClassName=BMS_Slave Member=U3
Removed Member From Class: ClassName=BMS_Slave Member=U4
Added Pin To Net: NetName=5V Pin=U1-40
Added Pin To Net: NetName=IPA Pin=U1-42
Added Net: Name=IPA
Added Pin To Net: NetName=IPB Pin=U1-41
Added Net: Name=IPB
